Log file open, 06/03/17 19:42:06
LogInit:Display: Running engine for game: Physics
LogPlatformFile: Not using cached read wrapper
LogInit:Display: RandInit(1788593878) SRandInit(1788593881).
LogTaskGraph: Started task graph with 4 named threads and 5 total threads with 1 sets of task threads.
LogStats: Stats thread started at 0.077973
LogInit: Version: 4.12.5-3039270+++UE4+Release-4.12
LogInit: API Version: 2992821
LogInit: Net Version: 3039270
LogDevObjectVersion: Number of dev versions registered: 13
LogDevObjectVersion:   Dev-Blueprints (B0D832E4-1F89-4F0D-ACCF-7EB736FD4AA2): 3
LogDevObjectVersion:   Dev-Build (E1C64328-A22C-4D53-A36C-8E866417BD8C): 0
LogDevObjectVersion:   Dev-Core (375EC13C-06E4-48FB-B500-84F0262A717E): 1
LogDevObjectVersion:   Dev-Editor (E4B068ED-F494-42E9-A231-DA0B2E46BB41): 2
LogDevObjectVersion:   Dev-Framework (CFFC743F-43B0-4480-9391-14DF171D2073): 6
LogDevObjectVersion:   Dev-Mobile (B02B49B5-BB20-44E9-A304-32B752E40360): 0
LogDevObjectVersion:   Dev-Networking (A4E4105C-59A1-49B5-A7C5-40C4547EDFEE): 0
LogDevObjectVersion:   Dev-Online (39C831C9-5AE6-47DC-9A44-9C173E1C8E7C): 0
LogDevObjectVersion:   Dev-Physics (78F01B33-EBEA-4F98-B9B4-84EACCB95AA2): 0
LogDevObjectVersion:   Dev-Platform (6631380F-2D4D-43E0-8009-CF276956A95A): 0
LogDevObjectVersion:   Dev-Rendering (12F88B9F-8875-4AFC-A67C-D90C383ABD29): 2
LogDevObjectVersion:   Dev-Sequencer (7B5AE74C-D270-4C10-A958-57980B212A5A): 0
LogDevObjectVersion:   Dev-VR (D7296918-1DD6-4BDD-9DE2-64A83CC13884): 0
LogInit: Compiled (64-bit): Jul  6 2016 09:09:46
LogInit: Compiled with Visual C++: 19.00.23026.00
LogInit: Build Configuration: Development
LogInit: Branch Name: ++UE4+Release-4.12
LogInit: Command line: -EpicPortal 
LogInit: Base directory: C:/Program Files/Epic Games/4.12/Engine/Binaries/Win64/
LogInit: Installed Engine Build: 1
LogInit: Using libcurl 7.41.0
LogInit:  - built for x86_64-pc-win32
LogInit:  - supports SSL with WinSSL
LogInit:  - other features:
LogInit:      CURL_VERSION_SSL
LogInit:      CURL_VERSION_IPV6
LogInit:      CURL_VERSION_ASYNCHDNS
LogInit:      CURL_VERSION_LARGEFILE
LogInit:      CURL_VERSION_IDN
LogInit:  CurlRequestOptions (configurable via config and command line):
LogInit:  - bVerifyPeer = true  - Libcurl will verify peer certificate
LogInit:  - bUseHttpProxy = false  - Libcurl will NOT use HTTP proxy
LogInit:  - bDontReuseConnections = false  - Libcurl will reuse connections
LogInit:  - CertBundlePath = nullptr  - Libcurl will use whatever was configured at build time.
LogInit: Presizing for max 8388607 objects, including 0 objects not considered by GC, pre-allocating 0 bytes for permanent pool.
LogInit: Object subsystem initialized
[2017.06.03-17.42.06:200][  0]LogInit: Selected Device Profile: [Windows]
[2017.06.03-17.42.06:200][  0]LogInit: Applying CVar settings loaded from the selected device profile: [Windows]
[2017.06.03-17.42.06:210][  0]LogInit: Computer: JARVIS
[2017.06.03-17.42.06:211][  0]LogInit: User: Chong
[2017.06.03-17.42.06:211][  0]LogInit: CPU Page size=65536, Cores=2
[2017.06.03-17.42.06:211][  0]LogInit: High frequency timer resolution =2.533200 MHz
[2017.06.03-17.42.06:211][  0]LogMemory: Memory total: Physical=7.9GB (8GB approx)
[2017.06.03-17.42.06:211][  0]LogMemory: Platform Memory Stats for Windows
[2017.06.03-17.42.06:211][  0]LogMemory: Process Physical Memory: 190.02 MB used, 190.02 MB peak
[2017.06.03-17.42.06:211][  0]LogMemory: Process Virtual Memory: 194.72 MB used, 194.72 MB peak
[2017.06.03-17.42.06:211][  0]LogMemory: Physical Memory: 5842.10 MB used, 8072.96 MB total
[2017.06.03-17.42.06:211][  0]LogMemory: Virtual Memory: 530.50 MB used, 134217728.00 MB total
[2017.06.03-17.42.06:245][  0]LogTextLocalizationManager: No specific translations for ('en-US') exist, so ('en') translations will be used.
[2017.06.03-17.42.06:957][  0]LogD3D11RHI: D3D11 adapters:
[2017.06.03-17.42.06:988][  0]LogD3D11RHI:    0. 'Intel(R) HD Graphics Family' (Feature Level 11_0)
[2017.06.03-17.42.06:988][  0]LogD3D11RHI:       32/0/1760 MB DedicatedVideo/DedicatedSystem/SharedSystem, Outputs:1, VendorId:0x8086
[2017.06.03-17.42.07:006][  0]LogD3D11RHI:    1. 'AMD Radeon R7 M260' (Feature Level 11_0)
[2017.06.03-17.42.07:006][  0]LogD3D11RHI:       2036/0/3840 MB DedicatedVideo/DedicatedSystem/SharedSystem, Outputs:0, VendorId:0x1002
[2017.06.03-17.42.07:008][  0]LogD3D11RHI:    2. 'Microsoft Basic Render Driver' (Feature Level 11_0)
[2017.06.03-17.42.07:008][  0]LogD3D11RHI:       0/0/256 MB DedicatedVideo/DedicatedSystem/SharedSystem, Outputs:0, VendorId:0x1414
[2017.06.03-17.42.07:008][  0]LogD3D11RHI: Chosen D3D11 Adapter: 1
[2017.06.03-17.42.07:018][  0]LogD3D11RHI: Creating new Direct3DDevice
[2017.06.03-17.42.07:018][  0]LogD3D11RHI:     GPU DeviceId: 0x6900 (for the marketing name, search the web for "GPU Device Id")
[2017.06.03-17.42.07:018][  0]LogWindows: EnumDisplayDevices:
[2017.06.03-17.42.07:018][  0]LogWindows:    0. 'Intel(R) HD Graphics Family' (P:1 D:1)
[2017.06.03-17.42.07:018][  0]LogWindows:    1. 'Intel(R) HD Graphics Family' (P:0 D:0)
[2017.06.03-17.42.07:019][  0]LogWindows:    2. 'Intel(R) HD Graphics Family' (P:0 D:0)
[2017.06.03-17.42.07:019][  0]LogWindows: DebugString: PrimaryIsNotTheChoosenAdapter PrimaryIsNotTheChoosenAdapter PrimaryIsNotTheChoosenAdapter FoundDriverCount:0 
[2017.06.03-17.42.07:019][  0]LogD3D11RHI:     Adapter Name: AMD Radeon R7 M260
[2017.06.03-17.42.07:019][  0]LogD3D11RHI:   Driver Version: Unknown (internal:Unknown, unified:Unknown)
[2017.06.03-17.42.07:019][  0]LogD3D11RHI:      Driver Date: Unknown
[2017.06.03-17.42.07:019][  0]LogRHI: Texture pool is 1361 MB (70% of 1945 MB)
[2017.06.03-17.42.07:027][  0]LogD3D11RHI: Async texture creation disabled: no driver support
[2017.06.03-17.42.07:039][  0]LogD3D11RHI: GPU Timing Frequency: 27.000000 (Debug: 2 1)
[2017.06.03-17.42.07:039][  0]LogShaderCompilers: Guid format shader working directory is -16 characters bigger than the processId version (../../../../../../Users/Chong/Documents/GitHub/Physics/Physics/Intermediate/Shaders/WorkingDirectory/8980/).
[2017.06.03-17.42.07:039][  0]LogShaderCompilers: Cleaned the shader compiler working directory 'C:/Users/Chong/AppData/Local/Temp/UnrealShaderWorkingDir/91FBF9314F37B5CCFB10A5A4FC4FA330/'.
[2017.06.03-17.42.07:039][  0]LogShaderCompilers:Display: Using Local Shader Compiler.
[2017.06.03-17.42.08:468][  0]LogTemp:Display: Loaded TP AllDesktopTargetPlatform
[2017.06.03-17.42.08:482][  0]LogTemp:Display: Loaded TP WindowsClientTargetPlatform
[2017.06.03-17.42.08:497][  0]LogTemp:Display: Loaded TP WindowsNoEditorTargetPlatform
[2017.06.03-17.42.08:512][  0]LogTemp:Display: Loaded TP WindowsServerTargetPlatform
[2017.06.03-17.42.08:526][  0]LogTemp:Display: Loaded TP WindowsTargetPlatform
[2017.06.03-17.42.08:539][  0]LogTemp:Display: Loaded TP AndroidTargetPlatform
[2017.06.03-17.42.08:551][  0]LogTemp:Display: Loaded TP Android_ASTCTargetPlatform
[2017.06.03-17.42.08:563][  0]LogTemp:Display: Loaded TP Android_ATCTargetPlatform
[2017.06.03-17.42.08:575][  0]LogTemp:Display: Loaded TP Android_DXTTargetPlatform
[2017.06.03-17.42.08:588][  0]LogTemp:Display: Loaded TP Android_ETC1TargetPlatform
[2017.06.03-17.42.08:601][  0]LogTemp:Display: Loaded TP Android_ETC2TargetPlatform
[2017.06.03-17.42.08:626][  0]LogTemp:Display: Loaded TP Android_MultiTargetPlatform
[2017.06.03-17.42.08:626][  0]LogTemp:Display: Loaded TP Android_PVRTCTargetPlatform
[2017.06.03-17.42.08:627][  0]LogTemp:Display: Loaded TP HTML5TargetPlatform
[2017.06.03-17.42.08:656][  0]LogTemp:Display: Loaded TP IOSTargetPlatform
[2017.06.03-17.42.08:668][  0]LogTemp:Display: Loaded TP TVOSTargetPlatform
[2017.06.03-17.42.08:681][  0]LogTemp:Display: Loaded TP LinuxNoEditorTargetPlatform
[2017.06.03-17.42.08:693][  0]LogTemp:Display: Loaded TP LinuxServerTargetPlatform
[2017.06.03-17.42.08:705][  0]LogTemp:Display: Loaded TP LinuxTargetPlatform
[2017.06.03-17.42.08:705][  0]LogTargetPlatformManager:Display: Building Assets For Windows
[2017.06.03-17.42.08:831][  0]LogDerivedDataCache:Display: Max Cache Size: 512 MB
[2017.06.03-17.42.08:927][  0]LogDerivedDataCache: Loaded boot cache 0.10s 48MB C:/Users/Chong/AppData/Local/UnrealEngine/4.12/DerivedDataCache/Boot.ddc.
[2017.06.03-17.42.08:928][  0]LogDerivedDataCache:Display: Loaded Boot cache: C:/Users/Chong/AppData/Local/UnrealEngine/4.12/DerivedDataCache/Boot.ddc
[2017.06.03-17.42.08:928][  0]LogDerivedDataCache: FDerivedDataBackendGraph:  Pak pak cache file ../../../../../../Users/Chong/Documents/GitHub/Physics/Physics/DerivedDataCache/DDC.ddp not found, will not use a pak cache.
[2017.06.03-17.42.08:928][  0]LogDerivedDataCache: Unable to find inner node Pak for hierarchical cache Hierarchy.
[2017.06.03-17.42.08:928][  0]LogDerivedDataCache: FDerivedDataBackendGraph:  CompressedPak pak cache file ../../../../../../Users/Chong/Documents/GitHub/Physics/Physics/DerivedDataCache/Compressed.ddp not found, will not use a pak cache.
[2017.06.03-17.42.08:928][  0]LogDerivedDataCache: Unable to find inner node CompressedPak for hierarchical cache Hierarchy.
[2017.06.03-17.42.08:958][  0]LogDerivedDataCache:Display: Pak cache opened for reading ../../../Engine/DerivedDataCache/Compressed.ddp.
[2017.06.03-17.42.08:970][  0]LogDerivedDataCache: Using Local data cache path C:/Users/Chong/AppData/Local/UnrealEngine/Common/DerivedDataCache: Writable
[2017.06.03-17.42.09:374][  0]LogInit: Selected Device Profile: [Windows]
[2017.06.03-17.42.09:375][  0]LogContentStreaming: Texture pool size is 0.00 MB
[2017.06.03-17.42.09:641][  0]LogMeshUtilities: No automatic mesh reduction module available
[2017.06.03-17.42.09:641][  0]LogMeshUtilities: No automatic mesh merging module available
[2017.06.03-17.42.09:641][  0]LogMeshUtilities: No distributed automatic mesh merging module available
[2017.06.03-17.42.10:096][  0]LogAssetRegistry: FAssetRegistry took 0.0218 seconds to start up
[2017.06.03-17.42.10:173][  0]LogPackageLocalizationCache: Processed 3 localized package path(s) for 2 prioritized culture(s) in 0.070443 seconds
[2017.06.03-17.42.10:182][  0]LogUObjectArray: 28739 objects as part of root set at end of initial load.
[2017.06.03-17.42.10:182][  0]LogUObjectAllocator: 5855624 out of 0 bytes used by permanent object pool.
[2017.06.03-17.42.10:182][  0]LogUObjectArray: CloseDisregardForGC: 0/0 objects in disregard for GC pool
[2017.06.03-17.42.10:199][  0]LogInit: WinSock: version 1.1 (2.2), MaxSocks=32767, MaxUdp=65467
[2017.06.03-17.42.10:651][  0]LogSlate: SlateFontCache - WITH_FREETYPE: 1, WITH_HARFBUZZ: 1
[2017.06.03-17.42.10:651][  0]LogSlate: SlateFontCache - WITH_FREETYPE: 1, WITH_HARFBUZZ: 1
[2017.06.03-17.42.11:593][  0]LogUdpMessaging: Initializing bridge on interface 0.0.0.0:0 to multicast group 230.0.0.1:6666.
[2017.06.03-17.42.11:887][  0]SourceControl: Info Source control is disabled
[2017.06.03-17.42.11:888][  0]SourceControl: Info Source control is disabled
[2017.06.03-17.42.11:900][  0]SourceControl: Info Source control is disabled
[2017.06.03-17.42.11:912][  0]SourceControl: Info Source control is disabled
[2017.06.03-17.42.11:998][  0]LogLinker:Warning: Can't find file '/Game/FirstPersonBP/FirstPersonOverview'
[2017.06.03-17.42.11:998][  0]LogLinker:Warning: Can't find file '/Game/FirstPersonBP/FirstPersonOverview'
[2017.06.03-17.42.11:998][  0]LogUObjectGlobals:Warning: Failed to find object 'Class /Game/FirstPersonBP/FirstPersonOverview.FirstPersonOverview_C'
[2017.06.03-17.42.12:233][  0]LogEngine: Initializing Engine...
[2017.06.03-17.42.12:234][  0]LogHMD: SteamVR failed to initialize.  Err: 110
[2017.06.03-17.42.12:235][  0]LogHMD: SteamVR failed to initialize.  Err: 110
[2017.06.03-17.42.12:495][  0]LogAIModule: Creating AISystem for world NewWorld
[2017.06.03-17.42.12:500][  0]LogInit: XAudio2 using 'Luidsprekers/koptelefoons (Realtek High Definition Audio)' : 2 channels at 48 kHz using 32 bits per sample (channel mask 0x3)
[2017.06.03-17.42.12:634][  0]LogInit: FAudioDevice initialized.
[2017.06.03-17.42.12:786][  0]LogDerivedDataCache: Saved boot cache 0.15s 48MB C:/Users/Chong/AppData/Local/UnrealEngine/4.12/DerivedDataCache/Boot.ddc.
[2017.06.03-17.42.12:793][  0]LogInit: Texture streaming: Enabled
[2017.06.03-17.42.12:842][  0]LogInit: Transaction tracking system initialized
[2017.06.03-17.42.12:893][  0]BlueprintLog: New page: Editor Load
[2017.06.03-17.42.13:168][  0]LocalizationService: Info Localization service is disabled
[2017.06.03-17.42.13:305][  0]LogConsoleResponse:Display: 
[2017.06.03-17.42.13:580][  0]LogFileCache: Scanning file cache for directory 'C:/Users/Chong/Documents/GitHub/Physics/Physics/Content/' took 0.01s
[2017.06.03-17.42.13:580][  0]LogCook:Display: Max memory allowance for cook 8192mb
[2017.06.03-17.42.13:580][  0]LogCook:Display: Mobile HDR setting 1
[2017.06.03-17.42.13:728][  0]SourceControl: Info Source control is disabled
[2017.06.03-17.42.15:009][  0]LogFactory: FactoryCreateFile: PackFactory with PackFactory (0 0 C:/Program Files/Epic Games/4.12/FeaturePacks/StarterContent.upack)
[2017.06.03-17.42.17:439][  0]LogPackFactory: Finished extracting 8 files (including 0 errors).
[2017.06.03-17.42.17:549][  0]LogPackFactory: Copied "../../../Samples/StarterContent/Content/StarterContent/Architecture/Floor_400x400.uasset" to "../../../../../../Users/Chong/Documents/GitHub/Physics/Physics/Content/StarterContent/Architecture/Floor_400x400.uasset"
[2017.06.03-17.42.17:749][  0]LogPackFactory: Copied "../../../Samples/StarterContent/Content/StarterContent/Architecture/Pillar_50x500.uasset" to "../../../../../../Users/Chong/Documents/GitHub/Physics/Physics/Content/StarterContent/Architecture/Pillar_50x500.uasset"
[2017.06.03-17.42.18:019][  0]LogPackFactory: Copied "../../../Samples/StarterContent/Content/StarterContent/Architecture/SM_AssetPlatform.uasset" to "../../../../../../Users/Chong/Documents/GitHub/Physics/Physics/Content/StarterContent/Architecture/SM_AssetPlatform.uasset"
[2017.06.03-17.42.18:558][  0]LogPackFactory: Copied "../../../Samples/StarterContent/Content/StarterContent/Architecture/Wall_400x200.uasset" to "../../../../../../Users/Chong/Documents/GitHub/Physics/Physics/Content/StarterContent/Architecture/Wall_400x200.uasset"
[2017.06.03-17.42.18:654][  0]LogPackFactory: Copied "../../../Samples/StarterContent/Content/StarterContent/Architecture/Wall_400x300.uasset" to "../../../../../../Users/Chong/Documents/GitHub/Physics/Physics/Content/StarterContent/Architecture/Wall_400x300.uasset"
[2017.06.03-17.42.18:749][  0]LogPackFactory: Copied "../../../Samples/StarterContent/Content/StarterContent/Architecture/Wall_400x400.uasset" to "../../../../../../Users/Chong/Documents/GitHub/Physics/Physics/Content/StarterContent/Architecture/Wall_400x400.uasset"
[2017.06.03-17.42.18:852][  0]LogPackFactory: Copied "../../../Samples/StarterContent/Content/StarterContent/Architecture/Wall_500x500.uasset" to "../../../../../../Users/Chong/Documents/GitHub/Physics/Physics/Content/StarterContent/Architecture/Wall_500x500.uasset"
[2017.06.03-17.42.18:925][  0]LogPackFactory: Copied "../../../Samples/StarterContent/Content/StarterContent/Architecture/Wall_Door_400x300.uasset" to "../../../../../../Users/Chong/Documents/GitHub/Physics/Physics/Content/StarterContent/Architecture/Wall_Door_400x300.uasset"
[2017.06.03-17.42.19:111][  0]LogPackFactory: Copied "../../../Samples/StarterContent/Content/StarterContent/Architecture/Wall_Door_400x400.uasset" to "../../../../../../Users/Chong/Documents/GitHub/Physics/Physics/Content/StarterContent/Architecture/Wall_Door_400x400.uasset"
[2017.06.03-17.42.19:135][  0]LogPackFactory: Copied "../../../Samples/StarterContent/Content/StarterContent/Architecture/Wall_Window_400x300.uasset" to "../../../../../../Users/Chong/Documents/GitHub/Physics/Physics/Content/StarterContent/Architecture/Wall_Window_400x300.uasset"
[2017.06.03-17.42.19:185][  0]LogPackFactory: Copied "../../../Samples/StarterContent/Content/StarterContent/Architecture/Wall_Window_400x400.uasset" to "../../../../../../Users/Chong/Documents/GitHub/Physics/Physics/Content/StarterContent/Architecture/Wall_Window_400x400.uasset"
[2017.06.03-17.42.19:328][  0]LogPackFactory: Copied "../../../Samples/StarterContent/Content/StarterContent/Audio/Collapse01.uasset" to "../../../../../../Users/Chong/Documents/GitHub/Physics/Physics/Content/StarterContent/Audio/Collapse01.uasset"
[2017.06.03-17.42.19:416][  0]LogPackFactory: Copied "../../../Samples/StarterContent/Content/StarterContent/Audio/Collapse02.uasset" to "../../../../../../Users/Chong/Documents/GitHub/Physics/Physics/Content/StarterContent/Audio/Collapse02.uasset"
[2017.06.03-17.42.19:483][  0]LogPackFactory: Copied "../../../Samples/StarterContent/Content/StarterContent/Audio/Collapse_Cue.uasset" to "../../../../../../Users/Chong/Documents/GitHub/Physics/Physics/Content/StarterContent/Audio/Collapse_Cue.uasset"
[2017.06.03-17.42.19:605][  0]LogPackFactory: Copied "../../../Samples/StarterContent/Content/StarterContent/Audio/Explosion01.uasset" to "../../../../../../Users/Chong/Documents/GitHub/Physics/Physics/Content/StarterContent/Audio/Explosion01.uasset"
[2017.06.03-17.42.19:896][  0]LogPackFactory: Copied "../../../Samples/StarterContent/Content/StarterContent/Audio/Explosion02.uasset" to "../../../../../../Users/Chong/Documents/GitHub/Physics/Physics/Content/StarterContent/Audio/Explosion02.uasset"
[2017.06.03-17.42.19:932][  0]LogPackFactory: Copied "../../../Samples/StarterContent/Content/StarterContent/Audio/Explosion_Cue.uasset" to "../../../../../../Users/Chong/Documents/GitHub/Physics/Physics/Content/StarterContent/Audio/Explosion_Cue.uasset"
[2017.06.03-17.42.20:166][  0]LogPackFactory: Copied "../../../Samples/StarterContent/Content/StarterContent/Audio/Fire01.uasset" to "../../../../../../Users/Chong/Documents/GitHub/Physics/Physics/Content/StarterContent/Audio/Fire01.uasset"
[2017.06.03-17.42.20:349][  0]LogPackFactory: Copied "../../../Samples/StarterContent/Content/StarterContent/Audio/Fire01_Cue.uasset" to "../../../../../../Users/Chong/Documents/GitHub/Physics/Physics/Content/StarterContent/Audio/Fire01_Cue.uasset"
[2017.06.03-17.42.20:685][  0]LogPackFactory: Copied "../../../Samples/StarterContent/Content/StarterContent/Audio/Fire_Sparks01.uasset" to "../../../../../../Users/Chong/Documents/GitHub/Physics/Physics/Content/StarterContent/Audio/Fire_Sparks01.uasset"
[2017.06.03-17.42.20:818][  0]LogPackFactory: Copied "../../../Samples/StarterContent/Content/StarterContent/Audio/Fire_Sparks01_Cue.uasset" to "../../../../../../Users/Chong/Documents/GitHub/Physics/Physics/Content/StarterContent/Audio/Fire_Sparks01_Cue.uasset"
[2017.06.03-17.42.20:993][  0]LogPackFactory: Copied "../../../Samples/StarterContent/Content/StarterContent/Audio/Light01.uasset" to "../../../../../../Users/Chong/Documents/GitHub/Physics/Physics/Content/StarterContent/Audio/Light01.uasset"
[2017.06.03-17.42.21:401][  0]LogPackFactory: Copied "../../../Samples/StarterContent/Content/StarterContent/Audio/Light01_Cue.uasset" to "../../../../../../Users/Chong/Documents/GitHub/Physics/Physics/Content/StarterContent/Audio/Light01_Cue.uasset"
[2017.06.03-17.42.21:591][  0]LogPackFactory: Copied "../../../Samples/StarterContent/Content/StarterContent/Audio/Light02.uasset" to "../../../../../../Users/Chong/Documents/GitHub/Physics/Physics/Content/StarterContent/Audio/Light02.uasset"
[2017.06.03-17.42.21:657][  0]LogPackFactory: Copied "../../../Samples/StarterContent/Content/StarterContent/Audio/Light02_Cue.uasset" to "../../../../../../Users/Chong/Documents/GitHub/Physics/Physics/Content/StarterContent/Audio/Light02_Cue.uasset"
[2017.06.03-17.42.22:292][  0]LogPackFactory: Copied "../../../Samples/StarterContent/Content/StarterContent/Audio/Smoke01.uasset" to "../../../../../../Users/Chong/Documents/GitHub/Physics/Physics/Content/StarterContent/Audio/Smoke01.uasset"
[2017.06.03-17.42.22:383][  0]LogPackFactory: Copied "../../../Samples/StarterContent/Content/StarterContent/Audio/Smoke01_Cue.uasset" to "../../../../../../Users/Chong/Documents/GitHub/Physics/Physics/Content/StarterContent/Audio/Smoke01_Cue.uasset"
[2017.06.03-17.42.22:494][  0]LogPackFactory: Copied "../../../Samples/StarterContent/Content/StarterContent/Audio/Starter_Background_Cue.uasset" to "../../../../../../Users/Chong/Documents/GitHub/Physics/Physics/Content/StarterContent/Audio/Starter_Background_Cue.uasset"
[2017.06.03-17.42.23:111][  0]LogPackFactory: Copied "../../../Samples/StarterContent/Content/StarterContent/Audio/Starter_Birds01.uasset" to "../../../../../../Users/Chong/Documents/GitHub/Physics/Physics/Content/StarterContent/Audio/Starter_Birds01.uasset"
[2017.06.03-17.42.24:521][  0]LogPackFactory: Copied "../../../Samples/StarterContent/Content/StarterContent/Audio/Starter_Music01.uasset" to "../../../../../../Users/Chong/Documents/GitHub/Physics/Physics/Content/StarterContent/Audio/Starter_Music01.uasset"
[2017.06.03-17.42.24:564][  0]LogPackFactory: Copied "../../../Samples/StarterContent/Content/StarterContent/Audio/Starter_Music_Cue.uasset" to "../../../../../../Users/Chong/Documents/GitHub/Physics/Physics/Content/StarterContent/Audio/Starter_Music_Cue.uasset"
[2017.06.03-17.42.25:214][  0]LogPackFactory: Copied "../../../Samples/StarterContent/Content/StarterContent/Audio/Starter_Wind05.uasset" to "../../../../../../Users/Chong/Documents/GitHub/Physics/Physics/Content/StarterContent/Audio/Starter_Wind05.uasset"
[2017.06.03-17.42.25:724][  0]LogPackFactory: Copied "../../../Samples/StarterContent/Content/StarterContent/Audio/Starter_Wind06.uasset" to "../../../../../../Users/Chong/Documents/GitHub/Physics/Physics/Content/StarterContent/Audio/Starter_Wind06.uasset"
[2017.06.03-17.42.25:916][  0]LogPackFactory: Copied "../../../Samples/StarterContent/Content/StarterContent/Audio/Steam01.uasset" to "../../../../../../Users/Chong/Documents/GitHub/Physics/Physics/Content/StarterContent/Audio/Steam01.uasset"
[2017.06.03-17.42.25:937][  0]LogPackFactory: Copied "../../../Samples/StarterContent/Content/StarterContent/Audio/Steam01_Cue.uasset" to "../../../../../../Users/Chong/Documents/GitHub/Physics/Physics/Content/StarterContent/Audio/Steam01_Cue.uasset"
[2017.06.03-17.42.25:998][  0]LogPackFactory: Copied "../../../Samples/StarterContent/Content/StarterContent/Blueprints/Blueprint_CeilingLight.uasset" to "../../../../../../Users/Chong/Documents/GitHub/Physics/Physics/Content/StarterContent/Blueprints/Blueprint_CeilingLight.uasset"
[2017.06.03-17.42.26:016][  0]LogPackFactory: Copied "../../../Samples/StarterContent/Content/StarterContent/Blueprints/Blueprint_Effect_Explosion.uasset" to "../../../../../../Users/Chong/Documents/GitHub/Physics/Physics/Content/StarterContent/Blueprints/Blueprint_Effect_Explosion.uasset"
[2017.06.03-17.42.26:049][  0]LogPackFactory: Copied "../../../Samples/StarterContent/Content/StarterContent/Blueprints/Blueprint_Effect_Fire.uasset" to "../../../../../../Users/Chong/Documents/GitHub/Physics/Physics/Content/StarterContent/Blueprints/Blueprint_Effect_Fire.uasset"
[2017.06.03-17.42.26:073][  0]LogPackFactory: Copied "../../../Samples/StarterContent/Content/StarterContent/Blueprints/Blueprint_Effect_Smoke.uasset" to "../../../../../../Users/Chong/Documents/GitHub/Physics/Physics/Content/StarterContent/Blueprints/Blueprint_Effect_Smoke.uasset"
[2017.06.03-17.42.26:121][  0]LogPackFactory: Copied "../../../Samples/StarterContent/Content/StarterContent/Blueprints/Blueprint_Effect_Sparks.uasset" to "../../../../../../Users/Chong/Documents/GitHub/Physics/Physics/Content/StarterContent/Blueprints/Blueprint_Effect_Sparks.uasset"
[2017.06.03-17.42.26:144][  0]LogPackFactory: Copied "../../../Samples/StarterContent/Content/StarterContent/Blueprints/Blueprint_Effect_Steam.uasset" to "../../../../../../Users/Chong/Documents/GitHub/Physics/Physics/Content/StarterContent/Blueprints/Blueprint_Effect_Steam.uasset"
[2017.06.03-17.42.26:215][  0]LogPackFactory: Copied "../../../Samples/StarterContent/Content/StarterContent/Blueprints/Blueprint_WallSconce.uasset" to "../../../../../../Users/Chong/Documents/GitHub/Physics/Physics/Content/StarterContent/Blueprints/Blueprint_WallSconce.uasset"
[2017.06.03-17.42.26:291][  0]LogPackFactory: Copied "../../../Samples/StarterContent/Content/StarterContent/Blueprints/BP_LightStudio.uasset" to "../../../../../../Users/Chong/Documents/GitHub/Physics/Physics/Content/StarterContent/Blueprints/BP_LightStudio.uasset"
[2017.06.03-17.42.26:316][  0]LogPackFactory: Copied "../../../Samples/StarterContent/Content/StarterContent/Blueprints/Assets/FogBrightnessLUT.uasset" to "../../../../../../Users/Chong/Documents/GitHub/Physics/Physics/Content/StarterContent/Blueprints/Assets/FogBrightnessLUT.uasset"
[2017.06.03-17.42.26:370][  0]LogPackFactory: Copied "../../../Samples/StarterContent/Content/StarterContent/Blueprints/Assets/M_LightStage_Arrows.uasset" to "../../../../../../Users/Chong/Documents/GitHub/Physics/Physics/Content/StarterContent/Blueprints/Assets/M_LightStage_Arrows.uasset"
[2017.06.03-17.42.26:422][  0]LogPackFactory: Copied "../../../Samples/StarterContent/Content/StarterContent/Blueprints/Assets/M_LightStage_Skybox_Black.uasset" to "../../../../../../Users/Chong/Documents/GitHub/Physics/Physics/Content/StarterContent/Blueprints/Assets/M_LightStage_Skybox_Black.uasset"
[2017.06.03-17.42.26:480][  0]LogPackFactory: Copied "../../../Samples/StarterContent/Content/StarterContent/Blueprints/Assets/M_LightStage_Skybox_HDRI.uasset" to "../../../../../../Users/Chong/Documents/GitHub/Physics/Physics/Content/StarterContent/Blueprints/Assets/M_LightStage_Skybox_HDRI.uasset"
[2017.06.03-17.42.26:553][  0]LogPackFactory: Copied "../../../Samples/StarterContent/Content/StarterContent/Blueprints/Assets/M_LightStage_Skybox_Master.uasset" to "../../../../../../Users/Chong/Documents/GitHub/Physics/Physics/Content/StarterContent/Blueprints/Assets/M_LightStage_Skybox_Master.uasset"
[2017.06.03-17.42.26:754][  0]LogPackFactory: Copied "../../../Samples/StarterContent/Content/StarterContent/Blueprints/Assets/Skybox.uasset" to "../../../../../../Users/Chong/Documents/GitHub/Physics/Physics/Content/StarterContent/Blueprints/Assets/Skybox.uasset"
[2017.06.03-17.42.26:896][  0]LogPackFactory: Copied "../../../Samples/StarterContent/Content/StarterContent/Blueprints/Assets/SM_Arrows.uasset" to "../../../../../../Users/Chong/Documents/GitHub/Physics/Physics/Content/StarterContent/Blueprints/Assets/SM_Arrows.uasset"
[2017.06.03-17.42.26:919][  0]LogPackFactory: Copied "../../../Samples/StarterContent/Content/StarterContent/Blueprints/Assets/SunlightColorLUT.uasset" to "../../../../../../Users/Chong/Documents/GitHub/Physics/Physics/Content/StarterContent/Blueprints/Assets/SunlightColorLUT.uasset"
[2017.06.03-17.42.39:034][  0]LogPackFactory: Copied "../../../Samples/StarterContent/Content/StarterContent/HDRI/HDRI_Epic_Courtyard_Daylight.uasset" to "../../../../../../Users/Chong/Documents/GitHub/Physics/Physics/Content/StarterContent/HDRI/HDRI_Epic_Courtyard_Daylight.uasset"
[2017.06.03-17.42.39:119][  0]LogPackFactory: Copied "../../../Samples/StarterContent/Content/StarterContent/Maps/Advanced_Lighting.umap" to "../../../../../../Users/Chong/Documents/GitHub/Physics/Physics/Content/StarterContent/Maps/Advanced_Lighting.umap"
[2017.06.03-17.42.39:460][  0]LogPackFactory: Copied "../../../Samples/StarterContent/Content/StarterContent/Maps/Minimal_Default.umap" to "../../../../../../Users/Chong/Documents/GitHub/Physics/Physics/Content/StarterContent/Maps/Minimal_Default.umap"
[2017.06.03-17.42.42:144][  0]LogPackFactory: Copied "../../../Samples/StarterContent/Content/StarterContent/Maps/StarterMap.umap" to "../../../../../../Users/Chong/Documents/GitHub/Physics/Physics/Content/StarterContent/Maps/StarterMap.umap"
[2017.06.03-17.42.42:204][  0]LogPackFactory: Copied "../../../Samples/StarterContent/Content/StarterContent/Materials/M_AssetPlatform.uasset" to "../../../../../../Users/Chong/Documents/GitHub/Physics/Physics/Content/StarterContent/Materials/M_AssetPlatform.uasset"
[2017.06.03-17.42.42:244][  0]LogPackFactory: Copied "../../../Samples/StarterContent/Content/StarterContent/Materials/M_Basic_Floor.uasset" to "../../../../../../Users/Chong/Documents/GitHub/Physics/Physics/Content/StarterContent/Materials/M_Basic_Floor.uasset"
[2017.06.03-17.42.42:293][  0]LogPackFactory: Copied "../../../Samples/StarterContent/Content/StarterContent/Materials/M_Basic_Wall.uasset" to "../../../../../../Users/Chong/Documents/GitHub/Physics/Physics/Content/StarterContent/Materials/M_Basic_Wall.uasset"
[2017.06.03-17.42.42:383][  0]LogPackFactory: Copied "../../../Samples/StarterContent/Content/StarterContent/Materials/M_Brick_Clay_Beveled.uasset" to "../../../../../../Users/Chong/Documents/GitHub/Physics/Physics/Content/StarterContent/Materials/M_Brick_Clay_Beveled.uasset"
[2017.06.03-17.42.42:493][  0]LogPackFactory: Copied "../../../Samples/StarterContent/Content/StarterContent/Materials/M_Brick_Clay_New.uasset" to "../../../../../../Users/Chong/Documents/GitHub/Physics/Physics/Content/StarterContent/Materials/M_Brick_Clay_New.uasset"
[2017.06.03-17.42.42:521][  0]LogPackFactory: Copied "../../../Samples/StarterContent/Content/StarterContent/Materials/M_Brick_Clay_Old.uasset" to "../../../../../../Users/Chong/Documents/GitHub/Physics/Physics/Content/StarterContent/Materials/M_Brick_Clay_Old.uasset"
[2017.06.03-17.42.42:637][  0]LogPackFactory: Copied "../../../Samples/StarterContent/Content/StarterContent/Materials/M_Brick_Cut_Stone.uasset" to "../../../../../../Users/Chong/Documents/GitHub/Physics/Physics/Content/StarterContent/Materials/M_Brick_Cut_Stone.uasset"
[2017.06.03-17.42.42:687][  0]LogPackFactory: Copied "../../../Samples/StarterContent/Content/StarterContent/Materials/M_Brick_Hewn_Stone.uasset" to "../../../../../../Users/Chong/Documents/GitHub/Physics/Physics/Content/StarterContent/Materials/M_Brick_Hewn_Stone.uasset"
[2017.06.03-17.42.42:741][  0]LogPackFactory: Copied "../../../Samples/StarterContent/Content/StarterContent/Materials/M_Ceramic_Tile_Checker.uasset" to "../../../../../../Users/Chong/Documents/GitHub/Physics/Physics/Content/StarterContent/Materials/M_Ceramic_Tile_Checker.uasset"
[2017.06.03-17.42.42:809][  0]LogPackFactory: Copied "../../../Samples/StarterContent/Content/StarterContent/Materials/M_CobbleStone_Pebble.uasset" to "../../../../../../Users/Chong/Documents/GitHub/Physics/Physics/Content/StarterContent/Materials/M_CobbleStone_Pebble.uasset"
[2017.06.03-17.42.42:884][  0]LogPackFactory: Copied "../../../Samples/StarterContent/Content/StarterContent/Materials/M_CobbleStone_Rough.uasset" to "../../../../../../Users/Chong/Documents/GitHub/Physics/Physics/Content/StarterContent/Materials/M_CobbleStone_Rough.uasset"
[2017.06.03-17.42.42:991][  0]LogPackFactory: Copied "../../../Samples/StarterContent/Content/StarterContent/Materials/M_CobbleStone_Smooth.uasset" to "../../../../../../Users/Chong/Documents/GitHub/Physics/Physics/Content/StarterContent/Materials/M_CobbleStone_Smooth.uasset"
[2017.06.03-17.42.43:077][  0]LogPackFactory: Copied "../../../Samples/StarterContent/Content/StarterContent/Materials/M_ColorGrid_LowSpec.uasset" to "../../../../../../Users/Chong/Documents/GitHub/Physics/Physics/Content/StarterContent/Materials/M_ColorGrid_LowSpec.uasset"
[2017.06.03-17.42.43:150][  0]LogPackFactory: Copied "../../../Samples/StarterContent/Content/StarterContent/Materials/M_Concrete_Grime.uasset" to "../../../../../../Users/Chong/Documents/GitHub/Physics/Physics/Content/StarterContent/Materials/M_Concrete_Grime.uasset"
[2017.06.03-17.42.43:202][  0]LogPackFactory: Copied "../../../Samples/StarterContent/Content/StarterContent/Materials/M_Concrete_Panels.uasset" to "../../../../../../Users/Chong/Documents/GitHub/Physics/Physics/Content/StarterContent/Materials/M_Concrete_Panels.uasset"
[2017.06.03-17.42.43:280][  0]LogPackFactory: Copied "../../../Samples/StarterContent/Content/StarterContent/Materials/M_Concrete_Poured.uasset" to "../../../../../../Users/Chong/Documents/GitHub/Physics/Physics/Content/StarterContent/Materials/M_Concrete_Poured.uasset"
[2017.06.03-17.42.43:357][  0]LogPackFactory: Copied "../../../Samples/StarterContent/Content/StarterContent/Materials/M_Concrete_Tiles.uasset" to "../../../../../../Users/Chong/Documents/GitHub/Physics/Physics/Content/StarterContent/Materials/M_Concrete_Tiles.uasset"
[2017.06.03-17.42.43:411][  0]LogPackFactory: Copied "../../../Samples/StarterContent/Content/StarterContent/Materials/M_Glass.uasset" to "../../../../../../Users/Chong/Documents/GitHub/Physics/Physics/Content/StarterContent/Materials/M_Glass.uasset"
[2017.06.03-17.42.43:749][  0]LogPackFactory: Copied "../../../Samples/StarterContent/Content/StarterContent/Materials/M_Ground_Grass.uasset" to "../../../../../../Users/Chong/Documents/GitHub/Physics/Physics/Content/StarterContent/Materials/M_Ground_Grass.uasset"
[2017.06.03-17.42.43:869][  0]LogPackFactory: Copied "../../../Samples/StarterContent/Content/StarterContent/Materials/M_Ground_Gravel.uasset" to "../../../../../../Users/Chong/Documents/GitHub/Physics/Physics/Content/StarterContent/Materials/M_Ground_Gravel.uasset"
[2017.06.03-17.42.43:941][  0]LogPackFactory: Copied "../../../Samples/StarterContent/Content/StarterContent/Materials/M_Ground_Moss.uasset" to "../../../../../../Users/Chong/Documents/GitHub/Physics/Physics/Content/StarterContent/Materials/M_Ground_Moss.uasset"
[2017.06.03-17.42.44:008][  0]LogPackFactory: Copied "../../../Samples/StarterContent/Content/StarterContent/Materials/M_Metal_Brushed_Nickel.uasset" to "../../../../../../Users/Chong/Documents/GitHub/Physics/Physics/Content/StarterContent/Materials/M_Metal_Brushed_Nickel.uasset"
[2017.06.03-17.42.44:068][  0]LogPackFactory: Copied "../../../Samples/StarterContent/Content/StarterContent/Materials/M_Metal_Burnished_Steel.uasset" to "../../../../../../Users/Chong/Documents/GitHub/Physics/Physics/Content/StarterContent/Materials/M_Metal_Burnished_Steel.uasset"
[2017.06.03-17.42.44:108][  0]LogPackFactory: Copied "../../../Samples/StarterContent/Content/StarterContent/Materials/M_Metal_Chrome.uasset" to "../../../../../../Users/Chong/Documents/GitHub/Physics/Physics/Content/StarterContent/Materials/M_Metal_Chrome.uasset"
[2017.06.03-17.42.44:191][  0]LogPackFactory: Copied "../../../Samples/StarterContent/Content/StarterContent/Materials/M_Metal_Copper.uasset" to "../../../../../../Users/Chong/Documents/GitHub/Physics/Physics/Content/StarterContent/Materials/M_Metal_Copper.uasset"
[2017.06.03-17.42.44:254][  0]LogPackFactory: Copied "../../../Samples/StarterContent/Content/StarterContent/Materials/M_Metal_Gold.uasset" to "../../../../../../Users/Chong/Documents/GitHub/Physics/Physics/Content/StarterContent/Materials/M_Metal_Gold.uasset"
[2017.06.03-17.42.44:363][  0]LogPackFactory: Copied "../../../Samples/StarterContent/Content/StarterContent/Materials/M_Metal_Rust.uasset" to "../../../../../../Users/Chong/Documents/GitHub/Physics/Physics/Content/StarterContent/Materials/M_Metal_Rust.uasset"
[2017.06.03-17.42.44:415][  0]LogPackFactory: Copied "../../../Samples/StarterContent/Content/StarterContent/Materials/M_Metal_Steel.uasset" to "../../../../../../Users/Chong/Documents/GitHub/Physics/Physics/Content/StarterContent/Materials/M_Metal_Steel.uasset"
[2017.06.03-17.42.44:487][  0]LogPackFactory: Copied "../../../Samples/StarterContent/Content/StarterContent/Materials/M_Rock_Basalt.uasset" to "../../../../../../Users/Chong/Documents/GitHub/Physics/Physics/Content/StarterContent/Materials/M_Rock_Basalt.uasset"
[2017.06.03-17.42.44:563][  0]LogPackFactory: Copied "../../../Samples/StarterContent/Content/StarterContent/Materials/M_Rock_Marble_Polished.uasset" to "../../../../../../Users/Chong/Documents/GitHub/Physics/Physics/Content/StarterContent/Materials/M_Rock_Marble_Polished.uasset"
[2017.06.03-17.42.44:644][  0]LogPackFactory: Copied "../../../Samples/StarterContent/Content/StarterContent/Materials/M_Rock_Sandstone.uasset" to "../../../../../../Users/Chong/Documents/GitHub/Physics/Physics/Content/StarterContent/Materials/M_Rock_Sandstone.uasset"
[2017.06.03-17.42.44:706][  0]LogPackFactory: Copied "../../../Samples/StarterContent/Content/StarterContent/Materials/M_Rock_Slate.uasset" to "../../../../../../Users/Chong/Documents/GitHub/Physics/Physics/Content/StarterContent/Materials/M_Rock_Slate.uasset"
[2017.06.03-17.42.44:788][  0]LogPackFactory: Copied "../../../Samples/StarterContent/Content/StarterContent/Materials/M_Tech_Checker_Dot.uasset" to "../../../../../../Users/Chong/Documents/GitHub/Physics/Physics/Content/StarterContent/Materials/M_Tech_Checker_Dot.uasset"
[2017.06.03-17.42.44:821][  0]LogPackFactory: Copied "../../../Samples/StarterContent/Content/StarterContent/Materials/M_Tech_Hex_Tile.uasset" to "../../../../../../Users/Chong/Documents/GitHub/Physics/Physics/Content/StarterContent/Materials/M_Tech_Hex_Tile.uasset"
[2017.06.03-17.42.44:872][  0]LogPackFactory: Copied "../../../Samples/StarterContent/Content/StarterContent/Materials/M_Tech_Hex_Tile_Pulse.uasset" to "../../../../../../Users/Chong/Documents/GitHub/Physics/Physics/Content/StarterContent/Materials/M_Tech_Hex_Tile_Pulse.uasset"
[2017.06.03-17.42.44:997][  0]LogPackFactory: Copied "../../../Samples/StarterContent/Content/StarterContent/Materials/M_Tech_Panel.uasset" to "../../../../../../Users/Chong/Documents/GitHub/Physics/Physics/Content/StarterContent/Materials/M_Tech_Panel.uasset"
[2017.06.03-17.42.45:038][  0]LogPackFactory: Copied "../../../Samples/StarterContent/Content/StarterContent/Materials/M_Water_Lake.uasset" to "../../../../../../Users/Chong/Documents/GitHub/Physics/Physics/Content/StarterContent/Materials/M_Water_Lake.uasset"
[2017.06.03-17.42.45:072][  0]LogPackFactory: Copied "../../../Samples/StarterContent/Content/StarterContent/Materials/M_Water_Ocean.uasset" to "../../../../../../Users/Chong/Documents/GitHub/Physics/Physics/Content/StarterContent/Materials/M_Water_Ocean.uasset"
[2017.06.03-17.42.45:204][  0]LogPackFactory: Copied "../../../Samples/StarterContent/Content/StarterContent/Materials/M_Wood_Floor_Walnut_Polished.uasset" to "../../../../../../Users/Chong/Documents/GitHub/Physics/Physics/Content/StarterContent/Materials/M_Wood_Floor_Walnut_Polished.uasset"
[2017.06.03-17.42.45:290][  0]LogPackFactory: Copied "../../../Samples/StarterContent/Content/StarterContent/Materials/M_Wood_Floor_Walnut_Worn.uasset" to "../../../../../../Users/Chong/Documents/GitHub/Physics/Physics/Content/StarterContent/Materials/M_Wood_Floor_Walnut_Worn.uasset"
[2017.06.03-17.42.45:368][  0]LogPackFactory: Copied "../../../Samples/StarterContent/Content/StarterContent/Materials/M_Wood_Oak.uasset" to "../../../../../../Users/Chong/Documents/GitHub/Physics/Physics/Content/StarterContent/Materials/M_Wood_Oak.uasset"
[2017.06.03-17.42.45:466][  0]LogPackFactory: Copied "../../../Samples/StarterContent/Content/StarterContent/Materials/M_Wood_Pine.uasset" to "../../../../../../Users/Chong/Documents/GitHub/Physics/Physics/Content/StarterContent/Materials/M_Wood_Pine.uasset"
[2017.06.03-17.42.45:542][  0]LogPackFactory: Copied "../../../Samples/StarterContent/Content/StarterContent/Materials/M_Wood_Walnut.uasset" to "../../../../../../Users/Chong/Documents/GitHub/Physics/Physics/Content/StarterContent/Materials/M_Wood_Walnut.uasset"
[2017.06.03-17.42.45:604][  0]LogPackFactory: Copied "../../../Samples/StarterContent/Content/StarterContent/Particles/P_Ambient_Dust.uasset" to "../../../../../../Users/Chong/Documents/GitHub/Physics/Physics/Content/StarterContent/Particles/P_Ambient_Dust.uasset"
[2017.06.03-17.42.45:708][  0]LogPackFactory: Copied "../../../Samples/StarterContent/Content/StarterContent/Particles/P_Explosion.uasset" to "../../../../../../Users/Chong/Documents/GitHub/Physics/Physics/Content/StarterContent/Particles/P_Explosion.uasset"
[2017.06.03-17.42.45:806][  0]LogPackFactory: Copied "../../../Samples/StarterContent/Content/StarterContent/Particles/P_Fire.uasset" to "../../../../../../Users/Chong/Documents/GitHub/Physics/Physics/Content/StarterContent/Particles/P_Fire.uasset"
[2017.06.03-17.42.45:869][  0]LogPackFactory: Copied "../../../Samples/StarterContent/Content/StarterContent/Particles/P_Smoke.uasset" to "../../../../../../Users/Chong/Documents/GitHub/Physics/Physics/Content/StarterContent/Particles/P_Smoke.uasset"
[2017.06.03-17.42.45:930][  0]LogPackFactory: Copied "../../../Samples/StarterContent/Content/StarterContent/Particles/P_Sparks.uasset" to "../../../../../../Users/Chong/Documents/GitHub/Physics/Physics/Content/StarterContent/Particles/P_Sparks.uasset"
[2017.06.03-17.42.46:000][  0]LogPackFactory: Copied "../../../Samples/StarterContent/Content/StarterContent/Particles/P_Steam_Lit.uasset" to "../../../../../../Users/Chong/Documents/GitHub/Physics/Physics/Content/StarterContent/Particles/P_Steam_Lit.uasset"
[2017.06.03-17.42.46:032][  0]LogPackFactory: Copied "../../../Samples/StarterContent/Content/StarterContent/Particles/Materials/M_Burst.uasset" to "../../../../../../Users/Chong/Documents/GitHub/Physics/Physics/Content/StarterContent/Particles/Materials/M_Burst.uasset"
[2017.06.03-17.42.46:126][  0]LogPackFactory: Copied "../../../Samples/StarterContent/Content/StarterContent/Particles/Materials/M_Dust_Particle.uasset" to "../../../../../../Users/Chong/Documents/GitHub/Physics/Physics/Content/StarterContent/Particles/Materials/M_Dust_Particle.uasset"
[2017.06.03-17.42.46:430][  0]LogPackFactory: Copied "../../../Samples/StarterContent/Content/StarterContent/Particles/Materials/M_explosion_subUV.uasset" to "../../../../../../Users/Chong/Documents/GitHub/Physics/Physics/Content/StarterContent/Particles/Materials/M_explosion_subUV.uasset"
[2017.06.03-17.42.46:515][  0]LogPackFactory: Copied "../../../Samples/StarterContent/Content/StarterContent/Particles/Materials/M_Fire_SubUV.uasset" to "../../../../../../Users/Chong/Documents/GitHub/Physics/Physics/Content/StarterContent/Particles/Materials/M_Fire_SubUV.uasset"
[2017.06.03-17.42.46:555][  0]LogPackFactory: Copied "../../../Samples/StarterContent/Content/StarterContent/Particles/Materials/m_flare_01.uasset" to "../../../../../../Users/Chong/Documents/GitHub/Physics/Physics/Content/StarterContent/Particles/Materials/m_flare_01.uasset"
[2017.06.03-17.42.46:640][  0]LogPackFactory: Copied "../../../Samples/StarterContent/Content/StarterContent/Particles/Materials/M_Heat_Distortion.uasset" to "../../../../../../Users/Chong/Documents/GitHub/Physics/Physics/Content/StarterContent/Particles/Materials/M_Heat_Distortion.uasset"
[2017.06.03-17.42.46:702][  0]LogPackFactory: Copied "../../../Samples/StarterContent/Content/StarterContent/Particles/Materials/M_Radial_Gradient.uasset" to "../../../../../../Users/Chong/Documents/GitHub/Physics/Physics/Content/StarterContent/Particles/Materials/M_Radial_Gradient.uasset"
[2017.06.03-17.42.46:748][  0]LogPackFactory: Copied "../../../Samples/StarterContent/Content/StarterContent/Particles/Materials/M_radial_ramp.uasset" to "../../../../../../Users/Chong/Documents/GitHub/Physics/Physics/Content/StarterContent/Particles/Materials/M_radial_ramp.uasset"
[2017.06.03-17.42.46:771][  0]LogPackFactory: Copied "../../../Samples/StarterContent/Content/StarterContent/Particles/Materials/M_smoke_subUV.uasset" to "../../../../../../Users/Chong/Documents/GitHub/Physics/Physics/Content/StarterContent/Particles/Materials/M_smoke_subUV.uasset"
[2017.06.03-17.42.46:835][  0]LogPackFactory: Copied "../../../Samples/StarterContent/Content/StarterContent/Particles/Materials/M_Spark.uasset" to "../../../../../../Users/Chong/Documents/GitHub/Physics/Physics/Content/StarterContent/Particles/Materials/M_Spark.uasset"
[2017.06.03-17.42.46:904][  0]LogPackFactory: Copied "../../../Samples/StarterContent/Content/StarterContent/Props/MaterialSphere.uasset" to "../../../../../../Users/Chong/Documents/GitHub/Physics/Physics/Content/StarterContent/Props/MaterialSphere.uasset"
[2017.06.03-17.42.46:958][  0]LogPackFactory: Copied "../../../Samples/StarterContent/Content/StarterContent/Props/SM_Bush.uasset" to "../../../../../../Users/Chong/Documents/GitHub/Physics/Physics/Content/StarterContent/Props/SM_Bush.uasset"
[2017.06.03-17.42.47:015][  0]LogPackFactory: Copied "../../../Samples/StarterContent/Content/StarterContent/Props/SM_Chair.uasset" to "../../../../../../Users/Chong/Documents/GitHub/Physics/Physics/Content/StarterContent/Props/SM_Chair.uasset"
[2017.06.03-17.42.47:065][  0]LogPackFactory: Copied "../../../Samples/StarterContent/Content/StarterContent/Props/SM_CornerFrame.uasset" to "../../../../../../Users/Chong/Documents/GitHub/Physics/Physics/Content/StarterContent/Props/SM_CornerFrame.uasset"
[2017.06.03-17.42.47:148][  0]LogPackFactory: Copied "../../../Samples/StarterContent/Content/StarterContent/Props/SM_Couch.uasset" to "../../../../../../Users/Chong/Documents/GitHub/Physics/Physics/Content/StarterContent/Props/SM_Couch.uasset"
[2017.06.03-17.42.47:265][  0]LogPackFactory: Copied "../../../Samples/StarterContent/Content/StarterContent/Props/SM_Door.uasset" to "../../../../../../Users/Chong/Documents/GitHub/Physics/Physics/Content/StarterContent/Props/SM_Door.uasset"
[2017.06.03-17.42.47:348][  0]LogPackFactory: Copied "../../../Samples/StarterContent/Content/StarterContent/Props/SM_DoorFrame.uasset" to "../../../../../../Users/Chong/Documents/GitHub/Physics/Physics/Content/StarterContent/Props/SM_DoorFrame.uasset"
[2017.06.03-17.42.47:374][  0]LogPackFactory: Copied "../../../Samples/StarterContent/Content/StarterContent/Props/SM_GlassWindow.uasset" to "../../../../../../Users/Chong/Documents/GitHub/Physics/Physics/Content/StarterContent/Props/SM_GlassWindow.uasset"
[2017.06.03-17.42.47:495][  0]LogPackFactory: Copied "../../../Samples/StarterContent/Content/StarterContent/Props/SM_Lamp_Ceiling.uasset" to "../../../../../../Users/Chong/Documents/GitHub/Physics/Physics/Content/StarterContent/Props/SM_Lamp_Ceiling.uasset"
[2017.06.03-17.42.47:766][  0]LogPackFactory: Copied "../../../Samples/StarterContent/Content/StarterContent/Props/SM_Lamp_Wall.uasset" to "../../../../../../Users/Chong/Documents/GitHub/Physics/Physics/Content/StarterContent/Props/SM_Lamp_Wall.uasset"
[2017.06.03-17.42.48:171][  0]LogPackFactory: Copied "../../../Samples/StarterContent/Content/StarterContent/Props/SM_MatPreviewMesh_02.uasset" to "../../../../../../Users/Chong/Documents/GitHub/Physics/Physics/Content/StarterContent/Props/SM_MatPreviewMesh_02.uasset"
[2017.06.03-17.42.48:231][  0]LogPackFactory: Copied "../../../Samples/StarterContent/Content/StarterContent/Props/SM_PillarFrame.uasset" to "../../../../../../Users/Chong/Documents/GitHub/Physics/Physics/Content/StarterContent/Props/SM_PillarFrame.uasset"
[2017.06.03-17.42.48:335][  0]LogPackFactory: Copied "../../../Samples/StarterContent/Content/StarterContent/Props/SM_PillarFrame300.uasset" to "../../../../../../Users/Chong/Documents/GitHub/Physics/Physics/Content/StarterContent/Props/SM_PillarFrame300.uasset"
[2017.06.03-17.42.48:457][  0]LogPackFactory: Copied "../../../Samples/StarterContent/Content/StarterContent/Props/SM_Rock.uasset" to "../../../../../../Users/Chong/Documents/GitHub/Physics/Physics/Content/StarterContent/Props/SM_Rock.uasset"
[2017.06.03-17.42.48:560][  0]LogPackFactory: Copied "../../../Samples/StarterContent/Content/StarterContent/Props/SM_Shelf.uasset" to "../../../../../../Users/Chong/Documents/GitHub/Physics/Physics/Content/StarterContent/Props/SM_Shelf.uasset"
[2017.06.03-17.42.48:642][  0]LogPackFactory: Copied "../../../Samples/StarterContent/Content/StarterContent/Props/SM_Stairs.uasset" to "../../../../../../Users/Chong/Documents/GitHub/Physics/Physics/Content/StarterContent/Props/SM_Stairs.uasset"
[2017.06.03-17.42.49:055][  0]LogPackFactory: Copied "../../../Samples/StarterContent/Content/StarterContent/Props/SM_Statue.uasset" to "../../../../../../Users/Chong/Documents/GitHub/Physics/Physics/Content/StarterContent/Props/SM_Statue.uasset"
[2017.06.03-17.42.49:603][  0]LogPackFactory: Copied "../../../Samples/StarterContent/Content/StarterContent/Props/SM_TableRound.uasset" to "../../../../../../Users/Chong/Documents/GitHub/Physics/Physics/Content/StarterContent/Props/SM_TableRound.uasset"
[2017.06.03-17.42.49:715][  0]LogPackFactory: Copied "../../../Samples/StarterContent/Content/StarterContent/Props/SM_WindowFrame.uasset" to "../../../../../../Users/Chong/Documents/GitHub/Physics/Physics/Content/StarterContent/Props/SM_WindowFrame.uasset"
[2017.06.03-17.42.49:822][  0]LogPackFactory: Copied "../../../Samples/StarterContent/Content/StarterContent/Props/Materials/M_Bush.uasset" to "../../../../../../Users/Chong/Documents/GitHub/Physics/Physics/Content/StarterContent/Props/Materials/M_Bush.uasset"
[2017.06.03-17.42.49:932][  0]LogPackFactory: Copied "../../../Samples/StarterContent/Content/StarterContent/Props/Materials/M_Chair.uasset" to "../../../../../../Users/Chong/Documents/GitHub/Physics/Physics/Content/StarterContent/Props/Materials/M_Chair.uasset"
[2017.06.03-17.42.50:010][  0]LogPackFactory: Copied "../../../Samples/StarterContent/Content/StarterContent/Props/Materials/M_Door.uasset" to "../../../../../../Users/Chong/Documents/GitHub/Physics/Physics/Content/StarterContent/Props/Materials/M_Door.uasset"
[2017.06.03-17.42.50:092][  0]LogPackFactory: Copied "../../../Samples/StarterContent/Content/StarterContent/Props/Materials/M_Frame.uasset" to "../../../../../../Users/Chong/Documents/GitHub/Physics/Physics/Content/StarterContent/Props/Materials/M_Frame.uasset"
[2017.06.03-17.42.50:363][  0]LogPackFactory: Copied "../../../Samples/StarterContent/Content/StarterContent/Props/Materials/M_Lamp.uasset" to "../../../../../../Users/Chong/Documents/GitHub/Physics/Physics/Content/StarterContent/Props/Materials/M_Lamp.uasset"
[2017.06.03-17.42.50:446][  0]LogPackFactory: Copied "../../../Samples/StarterContent/Content/StarterContent/Props/Materials/M_MaterialSphere.uasset" to "../../../../../../Users/Chong/Documents/GitHub/Physics/Physics/Content/StarterContent/Props/Materials/M_MaterialSphere.uasset"
[2017.06.03-17.42.50:496][  0]LogPackFactory: Copied "../../../Samples/StarterContent/Content/StarterContent/Props/Materials/M_MaterialSphere_Plain.uasset" to "../../../../../../Users/Chong/Documents/GitHub/Physics/Physics/Content/StarterContent/Props/Materials/M_MaterialSphere_Plain.uasset"
[2017.06.03-17.42.50:702][  0]LogPackFactory: Copied "../../../Samples/StarterContent/Content/StarterContent/Props/Materials/M_Rock.uasset" to "../../../../../../Users/Chong/Documents/GitHub/Physics/Physics/Content/StarterContent/Props/Materials/M_Rock.uasset"
[2017.06.03-17.42.51:056][  0]LogPackFactory: Copied "../../../Samples/StarterContent/Content/StarterContent/Props/Materials/M_Shelf.uasset" to "../../../../../../Users/Chong/Documents/GitHub/Physics/Physics/Content/StarterContent/Props/Materials/M_Shelf.uasset"
[2017.06.03-17.42.51:277][  0]LogPackFactory: Copied "../../../Samples/StarterContent/Content/StarterContent/Props/Materials/M_Statue.uasset" to "../../../../../../Users/Chong/Documents/GitHub/Physics/Physics/Content/StarterContent/Props/Materials/M_Statue.uasset"
[2017.06.03-17.42.51:512][  0]LogPackFactory: Copied "../../../Samples/StarterContent/Content/StarterContent/Props/Materials/M_StatueGlass.uasset" to "../../../../../../Users/Chong/Documents/GitHub/Physics/Physics/Content/StarterContent/Props/Materials/M_StatueGlass.uasset"
[2017.06.03-17.42.51:653][  0]LogPackFactory: Copied "../../../Samples/StarterContent/Content/StarterContent/Props/Materials/M_TableRound.uasset" to "../../../../../../Users/Chong/Documents/GitHub/Physics/Physics/Content/StarterContent/Props/Materials/M_TableRound.uasset"
[2017.06.03-17.42.51:701][  0]LogPackFactory: Copied "../../../Samples/StarterContent/Content/StarterContent/Shapes/Shape_Cone.uasset" to "../../../../../../Users/Chong/Documents/GitHub/Physics/Physics/Content/StarterContent/Shapes/Shape_Cone.uasset"
[2017.06.03-17.42.51:724][  0]LogPackFactory: Copied "../../../Samples/StarterContent/Content/StarterContent/Shapes/Shape_Cube.uasset" to "../../../../../../Users/Chong/Documents/GitHub/Physics/Physics/Content/StarterContent/Shapes/Shape_Cube.uasset"
[2017.06.03-17.42.51:767][  0]LogPackFactory: Copied "../../../Samples/StarterContent/Content/StarterContent/Shapes/Shape_Cylinder.uasset" to "../../../../../../Users/Chong/Documents/GitHub/Physics/Physics/Content/StarterContent/Shapes/Shape_Cylinder.uasset"
[2017.06.03-17.42.51:908][  0]LogPackFactory: Copied "../../../Samples/StarterContent/Content/StarterContent/Shapes/Shape_NarrowCapsule.uasset" to "../../../../../../Users/Chong/Documents/GitHub/Physics/Physics/Content/StarterContent/Shapes/Shape_NarrowCapsule.uasset"
[2017.06.03-17.42.52:034][  0]LogPackFactory: Copied "../../../Samples/StarterContent/Content/StarterContent/Shapes/Shape_Pipe.uasset" to "../../../../../../Users/Chong/Documents/GitHub/Physics/Physics/Content/StarterContent/Shapes/Shape_Pipe.uasset"
[2017.06.03-17.42.52:400][  0]LogPackFactory: Copied "../../../Samples/StarterContent/Content/StarterContent/Shapes/Shape_Pipe_180.uasset" to "../../../../../../Users/Chong/Documents/GitHub/Physics/Physics/Content/StarterContent/Shapes/Shape_Pipe_180.uasset"
[2017.06.03-17.42.52:535][  0]LogPackFactory: Copied "../../../Samples/StarterContent/Content/StarterContent/Shapes/Shape_Pipe_90.uasset" to "../../../../../../Users/Chong/Documents/GitHub/Physics/Physics/Content/StarterContent/Shapes/Shape_Pipe_90.uasset"
[2017.06.03-17.42.52:599][  0]LogPackFactory: Copied "../../../Samples/StarterContent/Content/StarterContent/Shapes/Shape_Plane.uasset" to "../../../../../../Users/Chong/Documents/GitHub/Physics/Physics/Content/StarterContent/Shapes/Shape_Plane.uasset"
[2017.06.03-17.42.52:827][  0]LogPackFactory: Copied "../../../Samples/StarterContent/Content/StarterContent/Shapes/Shape_QuadPyramid.uasset" to "../../../../../../Users/Chong/Documents/GitHub/Physics/Physics/Content/StarterContent/Shapes/Shape_QuadPyramid.uasset"
[2017.06.03-17.42.52:921][  0]LogPackFactory: Copied "../../../Samples/StarterContent/Content/StarterContent/Shapes/Shape_Sphere.uasset" to "../../../../../../Users/Chong/Documents/GitHub/Physics/Physics/Content/StarterContent/Shapes/Shape_Sphere.uasset"
[2017.06.03-17.42.53:218][  0]LogPackFactory: Copied "../../../Samples/StarterContent/Content/StarterContent/Shapes/Shape_Torus.uasset" to "../../../../../../Users/Chong/Documents/GitHub/Physics/Physics/Content/StarterContent/Shapes/Shape_Torus.uasset"
[2017.06.03-17.42.53:299][  0]LogPackFactory: Copied "../../../Samples/StarterContent/Content/StarterContent/Shapes/Shape_Trim.uasset" to "../../../../../../Users/Chong/Documents/GitHub/Physics/Physics/Content/StarterContent/Shapes/Shape_Trim.uasset"
[2017.06.03-17.42.53:331][  0]LogPackFactory: Copied "../../../Samples/StarterContent/Content/StarterContent/Shapes/Shape_Trim_90_In.uasset" to "../../../../../../Users/Chong/Documents/GitHub/Physics/Physics/Content/StarterContent/Shapes/Shape_Trim_90_In.uasset"
[2017.06.03-17.42.53:405][  0]LogPackFactory: Copied "../../../Samples/StarterContent/Content/StarterContent/Shapes/Shape_Trim_90_Out.uasset" to "../../../../../../Users/Chong/Documents/GitHub/Physics/Physics/Content/StarterContent/Shapes/Shape_Trim_90_Out.uasset"
[2017.06.03-17.42.53:657][  0]LogPackFactory: Copied "../../../Samples/StarterContent/Content/StarterContent/Shapes/Shape_TriPyramid.uasset" to "../../../../../../Users/Chong/Documents/GitHub/Physics/Physics/Content/StarterContent/Shapes/Shape_TriPyramid.uasset"
[2017.06.03-17.42.54:057][  0]LogPackFactory: Copied "../../../Samples/StarterContent/Content/StarterContent/Shapes/Shape_Tube.uasset" to "../../../../../../Users/Chong/Documents/GitHub/Physics/Physics/Content/StarterContent/Shapes/Shape_Tube.uasset"
[2017.06.03-17.42.54:217][  0]LogPackFactory: Copied "../../../Samples/StarterContent/Content/StarterContent/Shapes/Shape_Wedge_A.uasset" to "../../../../../../Users/Chong/Documents/GitHub/Physics/Physics/Content/StarterContent/Shapes/Shape_Wedge_A.uasset"
[2017.06.03-17.42.54:327][  0]LogPackFactory: Copied "../../../Samples/StarterContent/Content/StarterContent/Shapes/Shape_Wedge_B.uasset" to "../../../../../../Users/Chong/Documents/GitHub/Physics/Physics/Content/StarterContent/Shapes/Shape_Wedge_B.uasset"
[2017.06.03-17.42.54:399][  0]LogPackFactory: Copied "../../../Samples/StarterContent/Content/StarterContent/Shapes/Shape_WideCapsule.uasset" to "../../../../../../Users/Chong/Documents/GitHub/Physics/Physics/Content/StarterContent/Shapes/Shape_WideCapsule.uasset"
[2017.06.03-17.42.54:987][  0]LogPackFactory: Copied "../../../Samples/StarterContent/Content/StarterContent/Textures/T_Brick_Clay_Beveled_D.uasset" to "../../../../../../Users/Chong/Documents/GitHub/Physics/Physics/Content/StarterContent/Textures/T_Brick_Clay_Beveled_D.uasset"
[2017.06.03-17.42.56:784][  0]LogPackFactory: Copied "../../../Samples/StarterContent/Content/StarterContent/Textures/T_Brick_Clay_Beveled_M.uasset" to "../../../../../../Users/Chong/Documents/GitHub/Physics/Physics/Content/StarterContent/Textures/T_Brick_Clay_Beveled_M.uasset"
[2017.06.03-17.42.59:665][  0]LogPackFactory: Copied "../../../Samples/StarterContent/Content/StarterContent/Textures/T_Brick_Clay_Beveled_N.uasset" to "../../../../../../Users/Chong/Documents/GitHub/Physics/Physics/Content/StarterContent/Textures/T_Brick_Clay_Beveled_N.uasset"
[2017.06.03-17.43.01:317][  0]LogPackFactory: Copied "../../../Samples/StarterContent/Content/StarterContent/Textures/T_Brick_Clay_New_D.uasset" to "../../../../../../Users/Chong/Documents/GitHub/Physics/Physics/Content/StarterContent/Textures/T_Brick_Clay_New_D.uasset"
[2017.06.03-17.43.03:544][  0]LogPackFactory: Copied "../../../Samples/StarterContent/Content/StarterContent/Textures/T_Brick_Clay_New_M.uasset" to "../../../../../../Users/Chong/Documents/GitHub/Physics/Physics/Content/StarterContent/Textures/T_Brick_Clay_New_M.uasset"
[2017.06.03-17.43.04:505][  0]LogPackFactory: Copied "../../../Samples/StarterContent/Content/StarterContent/Textures/T_Brick_Clay_New_N.uasset" to "../../../../../../Users/Chong/Documents/GitHub/Physics/Physics/Content/StarterContent/Textures/T_Brick_Clay_New_N.uasset"
[2017.06.03-17.43.06:808][  0]LogPackFactory: Copied "../../../Samples/StarterContent/Content/StarterContent/Textures/T_Brick_Clay_Old_D.uasset" to "../../../../../../Users/Chong/Documents/GitHub/Physics/Physics/Content/StarterContent/Textures/T_Brick_Clay_Old_D.uasset"
[2017.06.03-17.43.07:779][  0]LogPackFactory: Copied "../../../Samples/StarterContent/Content/StarterContent/Textures/T_Brick_Clay_Old_N.uasset" to "../../../../../../Users/Chong/Documents/GitHub/Physics/Physics/Content/StarterContent/Textures/T_Brick_Clay_Old_N.uasset"
[2017.06.03-17.43.10:884][  0]LogPackFactory: Copied "../../../Samples/StarterContent/Content/StarterContent/Textures/T_Brick_Cut_Stone_D.uasset" to "../../../../../../Users/Chong/Documents/GitHub/Physics/Physics/Content/StarterContent/Textures/T_Brick_Cut_Stone_D.uasset"
[2017.06.03-17.43.12:136][  0]LogPackFactory: Copied "../../../Samples/StarterContent/Content/StarterContent/Textures/T_Brick_Cut_Stone_N.uasset" to "../../../../../../Users/Chong/Documents/GitHub/Physics/Physics/Content/StarterContent/Textures/T_Brick_Cut_Stone_N.uasset"
[2017.06.03-17.43.14:256][  0]LogPackFactory: Copied "../../../Samples/StarterContent/Content/StarterContent/Textures/T_Brick_Hewn_Stone_D.uasset" to "../../../../../../Users/Chong/Documents/GitHub/Physics/Physics/Content/StarterContent/Textures/T_Brick_Hewn_Stone_D.uasset"
[2017.06.03-17.43.15:716][  0]LogPackFactory: Copied "../../../Samples/StarterContent/Content/StarterContent/Textures/T_Brick_Hewn_Stone_M.uasset" to "../../../../../../Users/Chong/Documents/GitHub/Physics/Physics/Content/StarterContent/Textures/T_Brick_Hewn_Stone_M.uasset"
[2017.06.03-17.43.17:864][  0]LogPackFactory: Copied "../../../Samples/StarterContent/Content/StarterContent/Textures/T_Brick_Hewn_Stone_N.uasset" to "../../../../../../Users/Chong/Documents/GitHub/Physics/Physics/Content/StarterContent/Textures/T_Brick_Hewn_Stone_N.uasset"
[2017.06.03-17.43.18:033][  0]LogPackFactory: Copied "../../../Samples/StarterContent/Content/StarterContent/Textures/T_Burst_M.uasset" to "../../../../../../Users/Chong/Documents/GitHub/Physics/Physics/Content/StarterContent/Textures/T_Burst_M.uasset"
[2017.06.03-17.43.18:688][  0]LogPackFactory: Copied "../../../Samples/StarterContent/Content/StarterContent/Textures/T_Bush_D.uasset" to "../../../../../../Users/Chong/Documents/GitHub/Physics/Physics/Content/StarterContent/Textures/T_Bush_D.uasset"
[2017.06.03-17.43.18:897][  0]LogPackFactory: Copied "../../../Samples/StarterContent/Content/StarterContent/Textures/T_Bush_N.uasset" to "../../../../../../Users/Chong/Documents/GitHub/Physics/Physics/Content/StarterContent/Textures/T_Bush_N.uasset"
[2017.06.03-17.43.18:978][  0]LogPackFactory: Copied "../../../Samples/StarterContent/Content/StarterContent/Textures/T_Ceramic_Tile_M.uasset" to "../../../../../../Users/Chong/Documents/GitHub/Physics/Physics/Content/StarterContent/Textures/T_Ceramic_Tile_M.uasset"
[2017.06.03-17.43.19:175][  0]LogPackFactory: Copied "../../../Samples/StarterContent/Content/StarterContent/Textures/T_Ceramic_Tile_N.uasset" to "../../../../../../Users/Chong/Documents/GitHub/Physics/Physics/Content/StarterContent/Textures/T_Ceramic_Tile_N.uasset"
[2017.06.03-17.43.19:402][  0]LogPackFactory: Copied "../../../Samples/StarterContent/Content/StarterContent/Textures/T_Chair_M.uasset" to "../../../../../../Users/Chong/Documents/GitHub/Physics/Physics/Content/StarterContent/Textures/T_Chair_M.uasset"
[2017.06.03-17.43.19:910][  0]LogPackFactory: Copied "../../../Samples/StarterContent/Content/StarterContent/Textures/T_Chair_N.uasset" to "../../../../../../Users/Chong/Documents/GitHub/Physics/Physics/Content/StarterContent/Textures/T_Chair_N.uasset"
[2017.06.03-17.43.20:081][  0]LogPackFactory: Copied "../../../Samples/StarterContent/Content/StarterContent/Textures/T_Checker_Noise_M.uasset" to "../../../../../../Users/Chong/Documents/GitHub/Physics/Physics/Content/StarterContent/Textures/T_Checker_Noise_M.uasset"
[2017.06.03-17.43.22:770][  0]LogPackFactory: Copied "../../../Samples/StarterContent/Content/StarterContent/Textures/T_CobbleStone_Pebble_D.uasset" to "../../../../../../Users/Chong/Documents/GitHub/Physics/Physics/Content/StarterContent/Textures/T_CobbleStone_Pebble_D.uasset"
[2017.06.03-17.43.23:104][  0]LogPackFactory: Copied "../../../Samples/StarterContent/Content/StarterContent/Textures/T_CobbleStone_Pebble_M.uasset" to "../../../../../../Users/Chong/Documents/GitHub/Physics/Physics/Content/StarterContent/Textures/T_CobbleStone_Pebble_M.uasset"
[2017.06.03-17.43.26:348][  0]LogPackFactory: Copied "../../../Samples/StarterContent/Content/StarterContent/Textures/T_CobbleStone_Pebble_N.uasset" to "../../../../../../Users/Chong/Documents/GitHub/Physics/Physics/Content/StarterContent/Textures/T_CobbleStone_Pebble_N.uasset"
[2017.06.03-17.43.26:845][  0]LogPackFactory: Copied "../../../Samples/StarterContent/Content/StarterContent/Textures/T_CobbleStone_Rough_D.uasset" to "../../../../../../Users/Chong/Documents/GitHub/Physics/Physics/Content/StarterContent/Textures/T_CobbleStone_Rough_D.uasset"
[2017.06.03-17.43.27:237][  0]LogPackFactory: Copied "../../../Samples/StarterContent/Content/StarterContent/Textures/T_CobbleStone_Rough_N.uasset" to "../../../../../../Users/Chong/Documents/GitHub/Physics/Physics/Content/StarterContent/Textures/T_CobbleStone_Rough_N.uasset"
[2017.06.03-17.43.29:134][  0]LogPackFactory: Copied "../../../Samples/StarterContent/Content/StarterContent/Textures/T_CobbleStone_Smooth_D.uasset" to "../../../../../../Users/Chong/Documents/GitHub/Physics/Physics/Content/StarterContent/Textures/T_CobbleStone_Smooth_D.uasset"
[2017.06.03-17.43.30:095][  0]LogPackFactory: Copied "../../../Samples/StarterContent/Content/StarterContent/Textures/T_CobbleStone_Smooth_M.uasset" to "../../../../../../Users/Chong/Documents/GitHub/Physics/Physics/Content/StarterContent/Textures/T_CobbleStone_Smooth_M.uasset"
[2017.06.03-17.43.32:293][  0]LogPackFactory: Copied "../../../Samples/StarterContent/Content/StarterContent/Textures/T_CobbleStone_Smooth_N.uasset" to "../../../../../../Users/Chong/Documents/GitHub/Physics/Physics/Content/StarterContent/Textures/T_CobbleStone_Smooth_N.uasset"
[2017.06.03-17.43.34:181][  0]LogPackFactory: Copied "../../../Samples/StarterContent/Content/StarterContent/Textures/T_Concrete_Grime_D.uasset" to "../../../../../../Users/Chong/Documents/GitHub/Physics/Physics/Content/StarterContent/Textures/T_Concrete_Grime_D.uasset"
[2017.06.03-17.43.35:587][  0]LogPackFactory: Copied "../../../Samples/StarterContent/Content/StarterContent/Textures/T_Concrete_Panels_D.uasset" to "../../../../../../Users/Chong/Documents/GitHub/Physics/Physics/Content/StarterContent/Textures/T_Concrete_Panels_D.uasset"
[2017.06.03-17.43.36:728][  0]LogPackFactory: Copied "../../../Samples/StarterContent/Content/StarterContent/Textures/T_Concrete_Panels_N.uasset" to "../../../../../../Users/Chong/Documents/GitHub/Physics/Physics/Content/StarterContent/Textures/T_Concrete_Panels_N.uasset"
[2017.06.03-17.43.38:213][  0]LogPackFactory: Copied "../../../Samples/StarterContent/Content/StarterContent/Textures/T_Concrete_Poured_D.uasset" to "../../../../../../Users/Chong/Documents/GitHub/Physics/Physics/Content/StarterContent/Textures/T_Concrete_Poured_D.uasset"
[2017.06.03-17.43.40:853][  0]LogPackFactory: Copied "../../../Samples/StarterContent/Content/StarterContent/Textures/T_Concrete_Poured_N.uasset" to "../../../../../../Users/Chong/Documents/GitHub/Physics/Physics/Content/StarterContent/Textures/T_Concrete_Poured_N.uasset"
[2017.06.03-17.43.42:273][  0]LogPackFactory: Copied "../../../Samples/StarterContent/Content/StarterContent/Textures/T_Concrete_Tiles_D.uasset" to "../../../../../../Users/Chong/Documents/GitHub/Physics/Physics/Content/StarterContent/Textures/T_Concrete_Tiles_D.uasset"
[2017.06.03-17.43.43:492][  0]LogPackFactory: Copied "../../../Samples/StarterContent/Content/StarterContent/Textures/T_Concrete_Tiles_M.uasset" to "../../../../../../Users/Chong/Documents/GitHub/Physics/Physics/Content/StarterContent/Textures/T_Concrete_Tiles_M.uasset"
[2017.06.03-17.43.46:337][  0]LogPackFactory: Copied "../../../Samples/StarterContent/Content/StarterContent/Textures/T_Concrete_Tiles_N.uasset" to "../../../../../../Users/Chong/Documents/GitHub/Physics/Physics/Content/StarterContent/Textures/T_Concrete_Tiles_N.uasset"
[2017.06.03-17.43.46:427][  0]LogPackFactory: Copied "../../../Samples/StarterContent/Content/StarterContent/Textures/T_Concrete_Tiles_Variation_M.uasset" to "../../../../../../Users/Chong/Documents/GitHub/Physics/Physics/Content/StarterContent/Textures/T_Concrete_Tiles_Variation_M.uasset"
[2017.06.03-17.43.46:714][  0]LogPackFactory: Copied "../../../Samples/StarterContent/Content/StarterContent/Textures/T_Detail_Rocky_N.uasset" to "../../../../../../Users/Chong/Documents/GitHub/Physics/Physics/Content/StarterContent/Textures/T_Detail_Rocky_N.uasset"
[2017.06.03-17.43.46:821][  0]LogPackFactory: Copied "../../../Samples/StarterContent/Content/StarterContent/Textures/T_Door_M.uasset" to "../../../../../../Users/Chong/Documents/GitHub/Physics/Physics/Content/StarterContent/Textures/T_Door_M.uasset"
[2017.06.03-17.43.47:018][  0]LogPackFactory: Copied "../../../Samples/StarterContent/Content/StarterContent/Textures/T_Door_N.uasset" to "../../../../../../Users/Chong/Documents/GitHub/Physics/Physics/Content/StarterContent/Textures/T_Door_N.uasset"
[2017.06.03-17.43.47:068][  0]LogPackFactory: Copied "../../../Samples/StarterContent/Content/StarterContent/Textures/T_Dust_Particle_D.uasset" to "../../../../../../Users/Chong/Documents/GitHub/Physics/Physics/Content/StarterContent/Textures/T_Dust_Particle_D.uasset"
[2017.06.03-17.43.47:498][  0]LogPackFactory: Copied "../../../Samples/StarterContent/Content/StarterContent/Textures/T_Explosion_SubUV.uasset" to "../../../../../../Users/Chong/Documents/GitHub/Physics/Physics/Content/StarterContent/Textures/T_Explosion_SubUV.uasset"
[2017.06.03-17.43.47:589][  0]LogPackFactory: Copied "../../../Samples/StarterContent/Content/StarterContent/Textures/T_Fire_SubUV.uasset" to "../../../../../../Users/Chong/Documents/GitHub/Physics/Physics/Content/StarterContent/Textures/T_Fire_SubUV.uasset"
[2017.06.03-17.43.47:819][  0]LogPackFactory: Copied "../../../Samples/StarterContent/Content/StarterContent/Textures/T_Fire_Tiled_D.uasset" to "../../../../../../Users/Chong/Documents/GitHub/Physics/Physics/Content/StarterContent/Textures/T_Fire_Tiled_D.uasset"
[2017.06.03-17.43.48:126][  0]LogPackFactory: Copied "../../../Samples/StarterContent/Content/StarterContent/Textures/T_Frame_M.uasset" to "../../../../../../Users/Chong/Documents/GitHub/Physics/Physics/Content/StarterContent/Textures/T_Frame_M.uasset"
[2017.06.03-17.43.48:291][  0]LogPackFactory: Copied "../../../Samples/StarterContent/Content/StarterContent/Textures/T_Frame_N.uasset" to "../../../../../../Users/Chong/Documents/GitHub/Physics/Physics/Content/StarterContent/Textures/T_Frame_N.uasset"
[2017.06.03-17.43.48:388][  0]LogPackFactory: Copied "../../../Samples/StarterContent/Content/StarterContent/Textures/T_Gradinet_01.uasset" to "../../../../../../Users/Chong/Documents/GitHub/Physics/Physics/Content/StarterContent/Textures/T_Gradinet_01.uasset"
[2017.06.03-17.43.49:909][  0]LogPackFactory: Copied "../../../Samples/StarterContent/Content/StarterContent/Textures/T_Ground_Grass_D.uasset" to "../../../../../../Users/Chong/Documents/GitHub/Physics/Physics/Content/StarterContent/Textures/T_Ground_Grass_D.uasset"
[2017.06.03-17.43.52:275][  0]LogPackFactory: Copied "../../../Samples/StarterContent/Content/StarterContent/Textures/T_Ground_Grass_N.uasset" to "../../../../../../Users/Chong/Documents/GitHub/Physics/Physics/Content/StarterContent/Textures/T_Ground_Grass_N.uasset"
[2017.06.03-17.43.55:256][  0]LogPackFactory: Copied "../../../Samples/StarterContent/Content/StarterContent/Textures/T_Ground_Gravel_D.uasset" to "../../../../../../Users/Chong/Documents/GitHub/Physics/Physics/Content/StarterContent/Textures/T_Ground_Gravel_D.uasset"
[2017.06.03-17.43.56:333][  0]LogPackFactory: Copied "../../../Samples/StarterContent/Content/StarterContent/Textures/T_Ground_Gravel_N.uasset" to "../../../../../../Users/Chong/Documents/GitHub/Physics/Physics/Content/StarterContent/Textures/T_Ground_Gravel_N.uasset"
[2017.06.03-17.43.58:567][  0]LogPackFactory: Copied "../../../Samples/StarterContent/Content/StarterContent/Textures/T_ground_Moss_D.uasset" to "../../../../../../Users/Chong/Documents/GitHub/Physics/Physics/Content/StarterContent/Textures/T_ground_Moss_D.uasset"
[2017.06.03-17.43.59:825][  0]LogPackFactory: Copied "../../../Samples/StarterContent/Content/StarterContent/Textures/T_Ground_Moss_N.uasset" to "../../../../../../Users/Chong/Documents/GitHub/Physics/Physics/Content/StarterContent/Textures/T_Ground_Moss_N.uasset"
[2017.06.03-17.43.59:925][  0]LogPackFactory: Copied "../../../Samples/StarterContent/Content/StarterContent/Textures/T_Lamp_M.uasset" to "../../../../../../Users/Chong/Documents/GitHub/Physics/Physics/Content/StarterContent/Textures/T_Lamp_M.uasset"
[2017.06.03-17.44.00:214][  0]LogPackFactory: Copied "../../../Samples/StarterContent/Content/StarterContent/Textures/T_Lamp_N.uasset" to "../../../../../../Users/Chong/Documents/GitHub/Physics/Physics/Content/StarterContent/Textures/T_Lamp_N.uasset"
[2017.06.03-17.44.02:234][  0]LogPackFactory: Copied "../../../Samples/StarterContent/Content/StarterContent/Textures/T_MacroVariation.uasset" to "../../../../../../Users/Chong/Documents/GitHub/Physics/Physics/Content/StarterContent/Textures/T_MacroVariation.uasset"
[2017.06.03-17.44.03:593][  0]LogPackFactory: Copied "../../../Samples/StarterContent/Content/StarterContent/Textures/T_Metal_Aluminum_D.uasset" to "../../../../../../Users/Chong/Documents/GitHub/Physics/Physics/Content/StarterContent/Textures/T_Metal_Aluminum_D.uasset"
[2017.06.03-17.44.05:798][  0]LogPackFactory: Copied "../../../Samples/StarterContent/Content/StarterContent/Textures/T_Metal_Copper_D.uasset" to "../../../../../../Users/Chong/Documents/GitHub/Physics/Physics/Content/StarterContent/Textures/T_Metal_Copper_D.uasset"
[2017.06.03-17.44.07:701][  0]LogPackFactory: Copied "../../../Samples/StarterContent/Content/StarterContent/Textures/T_Metal_Gold_D.uasset" to "../../../../../../Users/Chong/Documents/GitHub/Physics/Physics/Content/StarterContent/Textures/T_Metal_Gold_D.uasset"
[2017.06.03-17.44.08:188][  0]LogPackFactory: Copied "../../../Samples/StarterContent/Content/StarterContent/Textures/T_Metal_Gold_N.uasset" to "../../../../../../Users/Chong/Documents/GitHub/Physics/Physics/Content/StarterContent/Textures/T_Metal_Gold_N.uasset"
[2017.06.03-17.44.09:636][  0]LogPackFactory: Copied "../../../Samples/StarterContent/Content/StarterContent/Textures/T_Metal_Rust_D.uasset" to "../../../../../../Users/Chong/Documents/GitHub/Physics/Physics/Content/StarterContent/Textures/T_Metal_Rust_D.uasset"
[2017.06.03-17.44.10:332][  0]LogPackFactory: Copied "../../../Samples/StarterContent/Content/StarterContent/Textures/T_Metal_Rust_N.uasset" to "../../../../../../Users/Chong/Documents/GitHub/Physics/Physics/Content/StarterContent/Textures/T_Metal_Rust_N.uasset"
[2017.06.03-17.44.10:912][  0]LogPackFactory: Copied "../../../Samples/StarterContent/Content/StarterContent/Textures/T_Metal_Steel_D.uasset" to "../../../../../../Users/Chong/Documents/GitHub/Physics/Physics/Content/StarterContent/Textures/T_Metal_Steel_D.uasset"
[2017.06.03-17.44.11:825][  0]LogPackFactory: Copied "../../../Samples/StarterContent/Content/StarterContent/Textures/T_Metal_Steel_N.uasset" to "../../../../../../Users/Chong/Documents/GitHub/Physics/Physics/Content/StarterContent/Textures/T_Metal_Steel_N.uasset"
[2017.06.03-17.44.13:260][  0]LogPackFactory: Copied "../../../Samples/StarterContent/Content/StarterContent/Textures/T_Perlin_Noise_M.uasset" to "../../../../../../Users/Chong/Documents/GitHub/Physics/Physics/Content/StarterContent/Textures/T_Perlin_Noise_M.uasset"
[2017.06.03-17.44.13:555][  0]LogPackFactory: Copied "../../../Samples/StarterContent/Content/StarterContent/Textures/T_RockMesh_M.uasset" to "../../../../../../Users/Chong/Documents/GitHub/Physics/Physics/Content/StarterContent/Textures/T_RockMesh_M.uasset"
[2017.06.03-17.44.15:137][  0]LogPackFactory: Copied "../../../Samples/StarterContent/Content/StarterContent/Textures/T_RockMesh_N.uasset" to "../../../../../../Users/Chong/Documents/GitHub/Physics/Physics/Content/StarterContent/Textures/T_RockMesh_N.uasset"
[2017.06.03-17.44.16:558][  0]LogPackFactory: Copied "../../../Samples/StarterContent/Content/StarterContent/Textures/T_Rock_Basalt_D.uasset" to "../../../../../../Users/Chong/Documents/GitHub/Physics/Physics/Content/StarterContent/Textures/T_Rock_Basalt_D.uasset"
[2017.06.03-17.44.18:695][  0]LogPackFactory: Copied "../../../Samples/StarterContent/Content/StarterContent/Textures/T_Rock_Basalt_N.uasset" to "../../../../../../Users/Chong/Documents/GitHub/Physics/Physics/Content/StarterContent/Textures/T_Rock_Basalt_N.uasset"
[2017.06.03-17.44.20:303][  0]LogPackFactory: Copied "../../../Samples/StarterContent/Content/StarterContent/Textures/T_Rock_Marble_Polished_D.uasset" to "../../../../../../Users/Chong/Documents/GitHub/Physics/Physics/Content/StarterContent/Textures/T_Rock_Marble_Polished_D.uasset"
[2017.06.03-17.44.22:234][  0]LogPackFactory: Copied "../../../Samples/StarterContent/Content/StarterContent/Textures/T_Rock_Sandstone_D.uasset" to "../../../../../../Users/Chong/Documents/GitHub/Physics/Physics/Content/StarterContent/Textures/T_Rock_Sandstone_D.uasset"
[2017.06.03-17.44.23:427][  0]LogPackFactory: Copied "../../../Samples/StarterContent/Content/StarterContent/Textures/T_Rock_Sandstone_N.uasset" to "../../../../../../Users/Chong/Documents/GitHub/Physics/Physics/Content/StarterContent/Textures/T_Rock_Sandstone_N.uasset"
[2017.06.03-17.44.25:572][  0]LogPackFactory: Copied "../../../Samples/StarterContent/Content/StarterContent/Textures/T_Rock_Slate_D.uasset" to "../../../../../../Users/Chong/Documents/GitHub/Physics/Physics/Content/StarterContent/Textures/T_Rock_Slate_D.uasset"
[2017.06.03-17.44.26:116][  0]LogPackFactory: Copied "../../../Samples/StarterContent/Content/StarterContent/Textures/T_Rock_Slate_N.uasset" to "../../../../../../Users/Chong/Documents/GitHub/Physics/Physics/Content/StarterContent/Textures/T_Rock_Slate_N.uasset"
[2017.06.03-17.44.26:328][  0]LogPackFactory: Copied "../../../Samples/StarterContent/Content/StarterContent/Textures/T_Rock_Smooth_Granite_D.uasset" to "../../../../../../Users/Chong/Documents/GitHub/Physics/Physics/Content/StarterContent/Textures/T_Rock_Smooth_Granite_D.uasset"
[2017.06.03-17.44.26:383][  0]LogPackFactory: Copied "../../../Samples/StarterContent/Content/StarterContent/Textures/T_Shelf_M.uasset" to "../../../../../../Users/Chong/Documents/GitHub/Physics/Physics/Content/StarterContent/Textures/T_Shelf_M.uasset"
[2017.06.03-17.44.26:506][  0]LogPackFactory: Copied "../../../Samples/StarterContent/Content/StarterContent/Textures/T_Shelf_N.uasset" to "../../../../../../Users/Chong/Documents/GitHub/Physics/Physics/Content/StarterContent/Textures/T_Shelf_N.uasset"
[2017.06.03-17.44.26:546][  0]LogPackFactory: Copied "../../../Samples/StarterContent/Content/StarterContent/Textures/T_Single_Tile_N.uasset" to "../../../../../../Users/Chong/Documents/GitHub/Physics/Physics/Content/StarterContent/Textures/T_Single_Tile_N.uasset"
[2017.06.03-17.44.26:630][  0]LogPackFactory: Copied "../../../Samples/StarterContent/Content/StarterContent/Textures/T_Smoke_SubUV.uasset" to "../../../../../../Users/Chong/Documents/GitHub/Physics/Physics/Content/StarterContent/Textures/T_Smoke_SubUV.uasset"
[2017.06.03-17.44.26:667][  0]LogPackFactory: Copied "../../../Samples/StarterContent/Content/StarterContent/Textures/T_Smoke_Tiled_D.uasset" to "../../../../../../Users/Chong/Documents/GitHub/Physics/Physics/Content/StarterContent/Textures/T_Smoke_Tiled_D.uasset"
[2017.06.03-17.44.26:687][  0]LogPackFactory: Copied "../../../Samples/StarterContent/Content/StarterContent/Textures/T_Spark_Core.uasset" to "../../../../../../Users/Chong/Documents/GitHub/Physics/Physics/Content/StarterContent/Textures/T_Spark_Core.uasset"
[2017.06.03-17.44.26:775][  0]LogPackFactory: Copied "../../../Samples/StarterContent/Content/StarterContent/Textures/T_Statue_M.uasset" to "../../../../../../Users/Chong/Documents/GitHub/Physics/Physics/Content/StarterContent/Textures/T_Statue_M.uasset"
[2017.06.03-17.44.26:805][  0]LogPackFactory: Copied "../../../Samples/StarterContent/Content/StarterContent/Textures/T_Statue_N.uasset" to "../../../../../../Users/Chong/Documents/GitHub/Physics/Physics/Content/StarterContent/Textures/T_Statue_N.uasset"
[2017.06.03-17.44.26:845][  0]LogPackFactory: Copied "../../../Samples/StarterContent/Content/StarterContent/Textures/T_TableRound_M.uasset" to "../../../../../../Users/Chong/Documents/GitHub/Physics/Physics/Content/StarterContent/Textures/T_TableRound_M.uasset"
[2017.06.03-17.44.26:886][  0]LogPackFactory: Copied "../../../Samples/StarterContent/Content/StarterContent/Textures/T_TableRound_N.uasset" to "../../../../../../Users/Chong/Documents/GitHub/Physics/Physics/Content/StarterContent/Textures/T_TableRound_N.uasset"
[2017.06.03-17.44.26:950][  0]LogPackFactory: Copied "../../../Samples/StarterContent/Content/StarterContent/Textures/T_Tech_Dot_M.uasset" to "../../../../../../Users/Chong/Documents/GitHub/Physics/Physics/Content/StarterContent/Textures/T_Tech_Dot_M.uasset"
[2017.06.03-17.44.26:973][  0]LogPackFactory: Copied "../../../Samples/StarterContent/Content/StarterContent/Textures/T_Tech_Dot_N.uasset" to "../../../../../../Users/Chong/Documents/GitHub/Physics/Physics/Content/StarterContent/Textures/T_Tech_Dot_N.uasset"
[2017.06.03-17.44.27:000][  0]LogPackFactory: Copied "../../../Samples/StarterContent/Content/StarterContent/Textures/T_Tech_Hex_Tile_M.uasset" to "../../../../../../Users/Chong/Documents/GitHub/Physics/Physics/Content/StarterContent/Textures/T_Tech_Hex_Tile_M.uasset"
[2017.06.03-17.44.27:020][  0]LogPackFactory: Copied "../../../Samples/StarterContent/Content/StarterContent/Textures/T_Tech_Hex_Tile_N.uasset" to "../../../../../../Users/Chong/Documents/GitHub/Physics/Physics/Content/StarterContent/Textures/T_Tech_Hex_Tile_N.uasset"
[2017.06.03-17.44.27:072][  0]LogPackFactory: Copied "../../../Samples/StarterContent/Content/StarterContent/Textures/T_Tech_Panel_M.uasset" to "../../../../../../Users/Chong/Documents/GitHub/Physics/Physics/Content/StarterContent/Textures/T_Tech_Panel_M.uasset"
[2017.06.03-17.44.27:137][  0]LogPackFactory: Copied "../../../Samples/StarterContent/Content/StarterContent/Textures/T_Tech_Panel_N.uasset" to "../../../../../../Users/Chong/Documents/GitHub/Physics/Physics/Content/StarterContent/Textures/T_Tech_Panel_N.uasset"
[2017.06.03-17.44.27:239][  0]LogPackFactory: Copied "../../../Samples/StarterContent/Content/StarterContent/Textures/T_Water_M.uasset" to "../../../../../../Users/Chong/Documents/GitHub/Physics/Physics/Content/StarterContent/Textures/T_Water_M.uasset"
[2017.06.03-17.44.27:904][  0]LogPackFactory: Copied "../../../Samples/StarterContent/Content/StarterContent/Textures/T_Water_N.uasset" to "../../../../../../Users/Chong/Documents/GitHub/Physics/Physics/Content/StarterContent/Textures/T_Water_N.uasset"
[2017.06.03-17.44.28:041][  0]LogPackFactory: Copied "../../../Samples/StarterContent/Content/StarterContent/Textures/T_Wood_Floor_Walnut_D.uasset" to "../../../../../../Users/Chong/Documents/GitHub/Physics/Physics/Content/StarterContent/Textures/T_Wood_Floor_Walnut_D.uasset"
[2017.06.03-17.44.28:128][  0]LogPackFactory: Copied "../../../Samples/StarterContent/Content/StarterContent/Textures/T_Wood_Floor_Walnut_M.uasset" to "../../../../../../Users/Chong/Documents/GitHub/Physics/Physics/Content/StarterContent/Textures/T_Wood_Floor_Walnut_M.uasset"
[2017.06.03-17.44.28:196][  0]LogPackFactory: Copied "../../../Samples/StarterContent/Content/StarterContent/Textures/T_Wood_Floor_Walnut_N.uasset" to "../../../../../../Users/Chong/Documents/GitHub/Physics/Physics/Content/StarterContent/Textures/T_Wood_Floor_Walnut_N.uasset"
[2017.06.03-17.44.28:400][  0]LogPackFactory: Copied "../../../Samples/StarterContent/Content/StarterContent/Textures/T_Wood_Oak_D.uasset" to "../../../../../../Users/Chong/Documents/GitHub/Physics/Physics/Content/StarterContent/Textures/T_Wood_Oak_D.uasset"
[2017.06.03-17.44.28:570][  0]LogPackFactory: Copied "../../../Samples/StarterContent/Content/StarterContent/Textures/T_Wood_Oak_N.uasset" to "../../../../../../Users/Chong/Documents/GitHub/Physics/Physics/Content/StarterContent/Textures/T_Wood_Oak_N.uasset"
[2017.06.03-17.44.29:683][  0]LogPackFactory: Copied "../../../Samples/StarterContent/Content/StarterContent/Textures/T_Wood_Pine_D.uasset" to "../../../../../../Users/Chong/Documents/GitHub/Physics/Physics/Content/StarterContent/Textures/T_Wood_Pine_D.uasset"
[2017.06.03-17.44.29:755][  0]LogPackFactory: Copied "../../../Samples/StarterContent/Content/StarterContent/Textures/T_Wood_Pine_N.uasset" to "../../../../../../Users/Chong/Documents/GitHub/Physics/Physics/Content/StarterContent/Textures/T_Wood_Pine_N.uasset"
[2017.06.03-17.44.29:834][  0]LogPackFactory: Copied "../../../Samples/StarterContent/Content/StarterContent/Textures/T_Wood_Walnut_D.uasset" to "../../../../../../Users/Chong/Documents/GitHub/Physics/Physics/Content/StarterContent/Textures/T_Wood_Walnut_D.uasset"
[2017.06.03-17.44.29:928][  0]LogPackFactory: Copied "../../../Samples/StarterContent/Content/StarterContent/Textures/T_Wood_Walnut_N.uasset" to "../../../../../../Users/Chong/Documents/GitHub/Physics/Physics/Content/StarterContent/Textures/T_Wood_Walnut_N.uasset"
[2017.06.03-17.44.30:968][  0]LogRenderer: Reallocating scene render targets to support 256x256 (Frame:2).
[2017.06.03-17.44.31:949][  0]LogSavePackage: Save=74.08ms
[2017.06.03-17.44.31:949][  0]LogSavePackage: Moving '../../../../../../Users/Chong/Documents/GitHub/Physics/Physics/Saved/Floor_400x4006DF5695F49E5D1CBC8637EA8C1B4A5D9.tmp' to '../../../../../../Users/Chong/Documents/GitHub/Physics/Physics/Content/StarterContent/Architecture/Floor_400x400.uasset'
[2017.06.03-17.44.31:965][  0]LogSavePackage:Display: Finished SavePackage ../../../../../../Users/Chong/Documents/GitHub/Physics/Physics/Content/StarterContent/Architecture/Floor_400x400.uasset
[2017.06.03-17.44.31:966][  0]LogFeaturePack:Warning: Inserted 1 feature packs
[2017.06.03-17.44.31:968][  0]Cmd: MAP LOAD FILE="../../../../../../Users/Chong/Documents/GitHub/Physics/Physics/Content/StarterContent/Maps/Minimal_Default.umap" TEMPLATE=0 SHOWPROGRESS=1 FEATURELEVEL=3
[2017.06.03-17.44.31:969][  0]LightingResults: New page: Lighting Build
[2017.06.03-17.44.31:976][  0]MapCheck: New page: Map Check
[2017.06.03-17.44.31:976][  0]LightingResults: New page: Lighting Build
[2017.06.03-17.44.35:823][  0]LogTexture:Display: Building textures: T_Metal_Aluminum_D (AutoDXT)
[2017.06.03-17.44.47:452][  0]LogAIModule: Creating AISystem for world Minimal_Default
[2017.06.03-17.44.47:733][  0]LogEditorServer: Finished looking for orphan Actors (0.000 secs)
[2017.06.03-17.44.47:753][  0]Cmd: MAP CHECKDEP NO